{"C:\\Users\\abhik\\Desktop\\tempWorkingProjects\\rest_api_vid\\backend\\server.js": {"path":"C:\\Users\\abhik\\Desktop\\tempWorkingProjects\\rest_api_vid\\backend\\server.js","statementMap":{"0":{"start":{"line":1,"column":16},"end":{"line":1,"column":34}},"1":{"start":{"line":2,"column":19},"end":{"line":2,"column":41}},"2":{"start":{"line":3,"column":16},"end":{"line":3,"column":44}},"3":{"start":{"line":4,"column":15},"end":{"line":4,"column":32}},"4":{"start":{"line":5,"column":20},"end":{"line":5,"column":55}},"5":{"start":{"line":6,"column":23},"end":{"line":6,"column":55}},"6":{"start":{"line":7,"column":14},"end":{"line":7,"column":48}},"7":{"start":{"line":8,"column":11},"end":{"line":8,"column":24}},"8":{"start":{"line":9,"column":13},"end":{"line":9,"column":28}},"9":{"start":{"line":10,"column":18},"end":{"line":10,"column":47}},"10":{"start":{"line":11,"column":21},"end":{"line":11,"column":52}},"11":{"start":{"line":12,"column":13},"end":{"line":12,"column":28}},"12":{"start":{"line":14,"column":0},"end":{"line":14,"column":16}},"13":{"start":{"line":16,"column":12},"end":{"line":16,"column":21}},"14":{"start":{"line":17,"column":13},"end":{"line":17,"column":37}},"15":{"start":{"line":20,"column":19},"end":{"line":20,"column":50}},"16":{"start":{"line":21,"column":0},"end":{"line":23,"column":1}},"17":{"start":{"line":22,"column":4},"end":{"line":22,"column":50}},"18":{"start":{"line":33,"column":4},"end":{"line":33,"column":31}},"19":{"start":{"line":34,"column":4},"end":{"line":34,"column":20}},"20":{"start":{"line":35,"column":4},"end":{"line":35,"column":51}},"21":{"start":{"line":36,"column":4},"end":{"line":36,"column":73}},"22":{"start":{"line":39,"column":4},"end":{"line":49,"column":6}},"23":{"start":{"line":43,"column":12},"end":{"line":45,"column":13}},"24":{"start":{"line":44,"column":16},"end":{"line":44,"column":30}},"25":{"start":{"line":46,"column":12},"end":{"line":46,"column":43}},"26":{"start":{"line":52,"column":4},"end":{"line":54,"column":7}},"27":{"start":{"line":53,"column":8},"end":{"line":53,"column":65}},"28":{"start":{"line":56,"column":4},"end":{"line":56,"column":15}},"29":{"start":{"line":59,"column":0},"end":{"line":59,"column":14}},"30":{"start":{"line":62,"column":0},"end":{"line":102,"column":1}},"31":{"start":{"line":64,"column":15},"end":{"line":83,"column":6}},"32":{"start":{"line":65,"column":8},"end":{"line":68,"column":9}},"33":{"start":{"line":66,"column":12},"end":{"line":66,"column":61}},"34":{"start":{"line":67,"column":12},"end":{"line":67,"column":28}},"35":{"start":{"line":69,"column":8},"end":{"line":69,"column":57}},"36":{"start":{"line":72,"column":8},"end":{"line":72,"column":43}},"37":{"start":{"line":75,"column":8},"end":{"line":82,"column":15}},"38":{"start":{"line":77,"column":16},"end":{"line":77,"column":72}},"39":{"start":{"line":80,"column":16},"end":{"line":80,"column":76}},"40":{"start":{"line":81,"column":16},"end":{"line":81,"column":32}},"41":{"start":{"line":86,"column":4},"end":{"line":86,"column":19}},"42":{"start":{"line":89,"column":4},"end":{"line":97,"column":7}},"43":{"start":{"line":90,"column":8},"end":{"line":96,"column":11}},"44":{"start":{"line":91,"column":12},"end":{"line":93,"column":13}},"45":{"start":{"line":92,"column":16},"end":{"line":92,"column":43}},"46":{"start":{"line":94,"column":12},"end":{"line":94,"column":59}},"47":{"start":{"line":95,"column":12},"end":{"line":95,"column":28}},"48":{"start":{"line":99,"column":19},"end":{"line":101,"column":6}},"49":{"start":{"line":100,"column":8},"end":{"line":100,"column":57}},"50":{"start":{"line":104,"column":0},"end":{"line":104,"column":35}}},"fnMap":{"0":{"name":"setupApp","decl":{"start":{"line":31,"column":9},"end":{"line":31,"column":17}},"loc":{"start":{"line":31,"column":23},"end":{"line":57,"column":1}},"line":31},"1":{"name":"(anonymous_1)","decl":{"start":{"line":41,"column":8},"end":{"line":41,"column":9}},"loc":{"start":{"line":41,"column":28},"end":{"line":47,"column":9}},"line":41},"2":{"name":"(anonymous_2)","decl":{"start":{"line":52,"column":23},"end":{"line":52,"column":24}},"loc":{"start":{"line":52,"column":37},"end":{"line":54,"column":5}},"line":52},"3":{"name":"(anonymous_3)","decl":{"start":{"line":64,"column":53},"end":{"line":64,"column":54}},"loc":{"start":{"line":64,"column":62},"end":{"line":83,"column":5}},"line":64},"4":{"name":"(anonymous_4)","decl":{"start":{"line":76,"column":18},"end":{"line":76,"column":19}},"loc":{"start":{"line":76,"column":24},"end":{"line":78,"column":13}},"line":76},"5":{"name":"(anonymous_5)","decl":{"start":{"line":79,"column":19},"end":{"line":79,"column":20}},"loc":{"start":{"line":79,"column":28},"end":{"line":82,"column":13}},"line":79},"6":{"name":"(anonymous_6)","decl":{"start":{"line":89,"column":25},"end":{"line":89,"column":26}},"loc":{"start":{"line":89,"column":31},"end":{"line":97,"column":5}},"line":89},"7":{"name":"(anonymous_7)","decl":{"start":{"line":90,"column":17},"end":{"line":90,"column":18}},"loc":{"start":{"line":90,"column":26},"end":{"line":96,"column":9}},"line":90},"8":{"name":"(anonymous_8)","decl":{"start":{"line":99,"column":36},"end":{"line":99,"column":37}},"loc":{"start":{"line":99,"column":42},"end":{"line":101,"column":5}},"line":99}},"branchMap":{"0":{"loc":{"start":{"line":17,"column":13},"end":{"line":17,"column":37}},"type":"binary-expr","locations":[{"start":{"line":17,"column":13},"end":{"line":17,"column":29}},{"start":{"line":17,"column":33},"end":{"line":17,"column":37}}],"line":17},"1":{"loc":{"start":{"line":21,"column":0},"end":{"line":23,"column":1}},"type":"if","locations":[{"start":{"line":21,"column":0},"end":{"line":23,"column":1}},{"start":{},"end":{}}],"line":21},"2":{"loc":{"start":{"line":43,"column":12},"end":{"line":45,"column":13}},"type":"if","locations":[{"start":{"line":43,"column":12},"end":{"line":45,"column":13}},{"start":{},"end":{}}],"line":43},"3":{"loc":{"start":{"line":62,"column":0},"end":{"line":102,"column":1}},"type":"if","locations":[{"start":{"line":62,"column":0},"end":{"line":102,"column":1}},{"start":{},"end":{}}],"line":62},"4":{"loc":{"start":{"line":65,"column":8},"end":{"line":68,"column":9}},"type":"if","locations":[{"start":{"line":65,"column":8},"end":{"line":68,"column":9}},{"start":{},"end":{}}],"line":65},"5":{"loc":{"start":{"line":91,"column":12},"end":{"line":93,"column":13}},"type":"if","locations":[{"start":{"line":91,"column":12},"end":{"line":93,"column":13}},{"start":{},"end":{}}],"line":91}},"s":{"0":1,"1":1,"2":1,"3":1,"4":1,"5":1,"6":1,"7":1,"8":1,"9":1,"10":1,"11":1,"12":1,"13":1,"14":1,"15":1,"16":1,"17":0,"18":2,"19":2,"20":2,"21":2,"22":2,"23":12,"24":2,"25":10,"26":2,"27":0,"28":2,"29":1,"30":1,"31":0,"32":0,"33":0,"34":0,"35":0,"36":0,"37":0,"38":0,"39":0,"40":0,"41":0,"42":0,"43":0,"44":0,"45":0,"46":0,"47":0,"48":0,"49":0,"50":1},"f":{"0":2,"1":12,"2":0,"3":0,"4":0,"5":0,"6":0,"7":0,"8":0},"b":{"0":[1,0],"1":[0,1],"2":[2,10],"3":[0,1],"4":[0,0],"5":[0,0]},"_coverageSchema":"1a1c01bbd47fc00a2c39e90264f33305004495a9","hash":"08ca3cdd6c7b6803a5bed7f3e9e0c8b43c912f2a"}
,"C:\\Users\\abhik\\Desktop\\tempWorkingProjects\\rest_api_vid\\backend\\src\\config\\swagger.js": {"path":"C:\\Users\\abhik\\Desktop\\tempWorkingProjects\\rest_api_vid\\backend\\src\\config\\swagger.js","statementMap":{"0":{"start":{"line":1,"column":21},"end":{"line":1,"column":45}},"1":{"start":{"line":3,"column":16},"end":{"line":29,"column":1}},"2":{"start":{"line":31,"column":14},"end":{"line":31,"column":35}},"3":{"start":{"line":33,"column":0},"end":{"line":33,"column":23}}},"fnMap":{},"branchMap":{},"s":{"0":1,"1":1,"2":1,"3":1},"f":{},"b":{},"_coverageSchema":"1a1c01bbd47fc00a2c39e90264f33305004495a9","hash":"b933f4d5dc0abfc43db3d0aee3cabef8dfbd1405"}
,"C:\\Users\\abhik\\Desktop\\tempWorkingProjects\\rest_api_vid\\backend\\src\\config\\upload.js": {"path":"C:\\Users\\abhik\\Desktop\\tempWorkingProjects\\rest_api_vid\\backend\\src\\config\\upload.js","statementMap":{"0":{"start":{"line":1,"column":15},"end":{"line":1,"column":32}},"1":{"start":{"line":2,"column":13},"end":{"line":2,"column":28}},"2":{"start":{"line":5,"column":16},"end":{"line":12,"column":2}},"3":{"start":{"line":7,"column":8},"end":{"line":7,"column":29}},"4":{"start":{"line":10,"column":8},"end":{"line":10,"column":63}},"5":{"start":{"line":15,"column":19},"end":{"line":49,"column":1}},"6":{"start":{"line":17,"column":29},"end":{"line":27,"column":5}},"7":{"start":{"line":29,"column":30},"end":{"line":29,"column":79}},"8":{"start":{"line":31,"column":26},"end":{"line":31,"column":71}},"9":{"start":{"line":34,"column":4},"end":{"line":48,"column":5}},"10":{"start":{"line":38,"column":8},"end":{"line":38,"column":23}},"11":{"start":{"line":40,"column":8},"end":{"line":47,"column":10}},"12":{"start":{"line":52,"column":15},"end":{"line":54,"column":1}},"13":{"start":{"line":57,"column":15},"end":{"line":61,"column":2}},"14":{"start":{"line":63,"column":0},"end":{"line":70,"column":2}}},"fnMap":{"0":{"name":"(anonymous_0)","decl":{"start":{"line":6,"column":17},"end":{"line":6,"column":18}},"loc":{"start":{"line":6,"column":36},"end":{"line":8,"column":5}},"line":6},"1":{"name":"(anonymous_1)","decl":{"start":{"line":9,"column":14},"end":{"line":9,"column":15}},"loc":{"start":{"line":9,"column":33},"end":{"line":11,"column":5}},"line":9},"2":{"name":"(anonymous_2)","decl":{"start":{"line":15,"column":19},"end":{"line":15,"column":20}},"loc":{"start":{"line":15,"column":38},"end":{"line":49,"column":1}},"line":15}},"branchMap":{"0":{"loc":{"start":{"line":34,"column":4},"end":{"line":48,"column":5}},"type":"if","locations":[{"start":{"line":34,"column":4},"end":{"line":48,"column":5}},{"start":{"line":39,"column":11},"end":{"line":48,"column":5}}],"line":34},"1":{"loc":{"start":{"line":35,"column":8},"end":{"line":36,"column":49}},"type":"binary-expr","locations":[{"start":{"line":35,"column":8},"end":{"line":35,"column":48}},{"start":{"line":36,"column":8},"end":{"line":36,"column":49}}],"line":35}},"s":{"0":2,"1":2,"2":2,"3":4,"4":4,"5":2,"6":4,"7":4,"8":4,"9":4,"10":4,"11":0,"12":2,"13":2,"14":2},"f":{"0":4,"1":4,"2":4},"b":{"0":[4,0],"1":[4,0]},"_coverageSchema":"1a1c01bbd47fc00a2c39e90264f33305004495a9","hash":"8dbae51cc649c9eb90206bc43c0b68313275ff82"}
,"C:\\Users\\abhik\\Desktop\\tempWorkingProjects\\rest_api_vid\\backend\\src\\controllers\\videoController.js": {"path":"C:\\Users\\abhik\\Desktop\\tempWorkingProjects\\rest_api_vid\\backend\\src\\controllers\\videoController.js","statementMap":{"0":{"start":{"line":1,"column":38},"end":{"line":1,"column":67}},"1":{"start":{"line":2,"column":11},"end":{"line":2,"column":24}},"2":{"start":{"line":3,"column":13},"end":{"line":3,"column":28}},"3":{"start":{"line":4,"column":21},"end":{"line":4,"column":48}},"4":{"start":{"line":5,"column":15},"end":{"line":5,"column":39}},"5":{"start":{"line":6,"column":19},"end":{"line":6,"column":59}},"6":{"start":{"line":7,"column":15},"end":{"line":7,"column":32}},"7":{"start":{"line":8,"column":14},"end":{"line":8,"column":45}},"8":{"start":{"line":10,"column":0},"end":{"line":10,"column":33}},"9":{"start":{"line":20,"column":20},"end":{"line":109,"column":1}},"10":{"start":{"line":21,"column":4},"end":{"line":108,"column":5}},"11":{"start":{"line":23,"column":8},"end":{"line":28,"column":9}},"12":{"start":{"line":24,"column":12},"end":{"line":27,"column":15}},"13":{"start":{"line":31,"column":8},"end":{"line":36,"column":11}},"14":{"start":{"line":38,"column":25},"end":{"line":38,"column":38}},"15":{"start":{"line":39,"column":8},"end":{"line":44,"column":11}},"16":{"start":{"line":46,"column":8},"end":{"line":97,"column":9}},"17":{"start":{"line":48,"column":29},"end":{"line":48,"column":70}},"18":{"start":{"line":49,"column":12},"end":{"line":49,"column":53}},"19":{"start":{"line":52,"column":12},"end":{"line":62,"column":13}},"20":{"start":{"line":57,"column":16},"end":{"line":57,"column":40}},"21":{"start":{"line":58,"column":16},"end":{"line":61,"column":19}},"22":{"start":{"line":65,"column":24},"end":{"line":65,"column":85}},"23":{"start":{"line":66,"column":12},"end":{"line":90,"column":14}},"24":{"start":{"line":70,"column":20},"end":{"line":77,"column":21}},"25":{"start":{"line":72,"column":24},"end":{"line":72,"column":48}},"26":{"start":{"line":73,"column":24},"end":{"line":76,"column":27}},"27":{"start":{"line":79,"column":20},"end":{"line":88,"column":23}},"28":{"start":{"line":93,"column":12},"end":{"line":93,"column":36}},"29":{"start":{"line":94,"column":12},"end":{"line":96,"column":14}},"30":{"start":{"line":101,"column":8},"end":{"line":103,"column":9}},"31":{"start":{"line":102,"column":12},"end":{"line":102,"column":41}},"32":{"start":{"line":104,"column":8},"end":{"line":107,"column":11}},"33":{"start":{"line":118,"column":18},"end":{"line":153,"column":1}},"34":{"start":{"line":119,"column":4},"end":{"line":152,"column":5}},"35":{"start":{"line":121,"column":20},"end":{"line":121,"column":67}},"36":{"start":{"line":122,"column":8},"end":{"line":145,"column":11}},"37":{"start":{"line":123,"column":12},"end":{"line":128,"column":13}},"38":{"start":{"line":124,"column":16},"end":{"line":127,"column":19}},"39":{"start":{"line":131,"column":32},"end":{"line":139,"column":14}},"40":{"start":{"line":132,"column":31},"end":{"line":132,"column":56}},"41":{"start":{"line":133,"column":16},"end":{"line":137,"column":17}},"42":{"start":{"line":135,"column":38},"end":{"line":135,"column":71}},"43":{"start":{"line":136,"column":20},"end":{"line":136,"column":57}},"44":{"start":{"line":138,"column":16},"end":{"line":138,"column":30}},"45":{"start":{"line":141,"column":12},"end":{"line":144,"column":15}},"46":{"start":{"line":148,"column":8},"end":{"line":151,"column":11}},"47":{"start":{"line":162,"column":18},"end":{"line":282,"column":1}},"48":{"start":{"line":163,"column":4},"end":{"line":281,"column":5}},"49":{"start":{"line":164,"column":23},"end":{"line":164,"column":33}},"50":{"start":{"line":165,"column":39},"end":{"line":165,"column":47}},"51":{"start":{"line":168,"column":8},"end":{"line":172,"column":11}},"52":{"start":{"line":175,"column":8},"end":{"line":180,"column":9}},"53":{"start":{"line":176,"column":12},"end":{"line":179,"column":15}},"54":{"start":{"line":183,"column":22},"end":{"line":183,"column":39}},"55":{"start":{"line":184,"column":20},"end":{"line":184,"column":35}},"56":{"start":{"line":186,"column":8},"end":{"line":191,"column":9}},"57":{"start":{"line":187,"column":12},"end":{"line":190,"column":15}},"58":{"start":{"line":193,"column":8},"end":{"line":198,"column":9}},"59":{"start":{"line":194,"column":12},"end":{"line":197,"column":15}},"60":{"start":{"line":200,"column":8},"end":{"line":205,"column":9}},"61":{"start":{"line":201,"column":12},"end":{"line":204,"column":15}},"62":{"start":{"line":208,"column":20},"end":{"line":208,"column":55}},"63":{"start":{"line":209,"column":8},"end":{"line":274,"column":11}},"64":{"start":{"line":210,"column":12},"end":{"line":215,"column":13}},"65":{"start":{"line":211,"column":16},"end":{"line":214,"column":19}},"66":{"start":{"line":218,"column":12},"end":{"line":223,"column":13}},"67":{"start":{"line":219,"column":16},"end":{"line":222,"column":19}},"68":{"start":{"line":225,"column":31},"end":{"line":227,"column":15}},"69":{"start":{"line":229,"column":12},"end":{"line":273,"column":13}},"70":{"start":{"line":230,"column":16},"end":{"line":238,"column":19}},"71":{"start":{"line":231,"column":20},"end":{"line":237,"column":31}},"72":{"start":{"line":241,"column":33},"end":{"line":241,"column":44}},"73":{"start":{"line":242,"column":34},"end":{"line":242,"column":95}},"74":{"start":{"line":243,"column":16},"end":{"line":267,"column":18}},"75":{"start":{"line":251,"column":24},"end":{"line":254,"column":25}},"76":{"start":{"line":252,"column":28},"end":{"line":252,"column":54}},"77":{"start":{"line":253,"column":28},"end":{"line":253,"column":38}},"78":{"start":{"line":256,"column":24},"end":{"line":265,"column":27}},"79":{"start":{"line":269,"column":16},"end":{"line":271,"column":17}},"80":{"start":{"line":270,"column":20},"end":{"line":270,"column":46}},"81":{"start":{"line":272,"column":16},"end":{"line":272,"column":28}},"82":{"start":{"line":277,"column":8},"end":{"line":280,"column":11}},"83":{"start":{"line":291,"column":20},"end":{"line":416,"column":1}},"84":{"start":{"line":292,"column":4},"end":{"line":415,"column":5}},"85":{"start":{"line":293,"column":29},"end":{"line":293,"column":37}},"86":{"start":{"line":295,"column":8},"end":{"line":295,"column":68}},"87":{"start":{"line":297,"column":8},"end":{"line":302,"column":9}},"88":{"start":{"line":298,"column":12},"end":{"line":301,"column":15}},"89":{"start":{"line":305,"column":29},"end":{"line":305,"column":62}},"90":{"start":{"line":305,"column":48},"end":{"line":305,"column":51}},"91":{"start":{"line":306,"column":20},"end":{"line":306,"column":72}},"92":{"start":{"line":308,"column":8},"end":{"line":408,"column":11}},"93":{"start":{"line":309,"column":12},"end":{"line":314,"column":13}},"94":{"start":{"line":310,"column":16},"end":{"line":313,"column":19}},"95":{"start":{"line":317,"column":34},"end":{"line":319,"column":13}},"96":{"start":{"line":318,"column":27},"end":{"line":318,"column":53}},"97":{"start":{"line":320,"column":12},"end":{"line":327,"column":13}},"98":{"start":{"line":321,"column":16},"end":{"line":326,"column":19}},"99":{"start":{"line":324,"column":36},"end":{"line":324,"column":40}},"100":{"start":{"line":329,"column":31},"end":{"line":329,"column":65}},"101":{"start":{"line":331,"column":12},"end":{"line":407,"column":13}},"102":{"start":{"line":333,"column":31},"end":{"line":335,"column":17}},"103":{"start":{"line":334,"column":34},"end":{"line":334,"column":60}},"104":{"start":{"line":336,"column":38},"end":{"line":338,"column":38}},"105":{"start":{"line":340,"column":16},"end":{"line":367,"column":19}},"106":{"start":{"line":341,"column":36},"end":{"line":341,"column":44}},"107":{"start":{"line":344,"column":20},"end":{"line":346,"column":23}},"108":{"start":{"line":345,"column":24},"end":{"line":345,"column":50}},"109":{"start":{"line":348,"column":20},"end":{"line":366,"column":31}},"110":{"start":{"line":356,"column":28},"end":{"line":356,"column":72}},"111":{"start":{"line":359,"column":28},"end":{"line":359,"column":65}},"112":{"start":{"line":363,"column":28},"end":{"line":363,"column":64}},"113":{"start":{"line":364,"column":28},"end":{"line":364,"column":40}},"114":{"start":{"line":370,"column":38},"end":{"line":373,"column":17}},"115":{"start":{"line":371,"column":36},"end":{"line":371,"column":56}},"116":{"start":{"line":376,"column":34},"end":{"line":376,"column":95}},"117":{"start":{"line":377,"column":16},"end":{"line":397,"column":18}},"118":{"start":{"line":381,"column":24},"end":{"line":384,"column":25}},"119":{"start":{"line":382,"column":28},"end":{"line":382,"column":54}},"120":{"start":{"line":383,"column":28},"end":{"line":383,"column":38}},"121":{"start":{"line":386,"column":24},"end":{"line":395,"column":27}},"122":{"start":{"line":399,"column":16},"end":{"line":399,"column":53}},"123":{"start":{"line":400,"column":16},"end":{"line":402,"column":17}},"124":{"start":{"line":401,"column":20},"end":{"line":401,"column":46}},"125":{"start":{"line":403,"column":16},"end":{"line":406,"column":19}},"126":{"start":{"line":410,"column":8},"end":{"line":410,"column":45}},"127":{"start":{"line":411,"column":8},"end":{"line":414,"column":11}},"128":{"start":{"line":425,"column":26},"end":{"line":524,"column":1}},"129":{"start":{"line":426,"column":4},"end":{"line":523,"column":5}},"130":{"start":{"line":427,"column":23},"end":{"line":427,"column":33}},"131":{"start":{"line":428,"column":26},"end":{"line":428,"column":34}},"132":{"start":{"line":429,"column":8},"end":{"line":429,"column":60}},"133":{"start":{"line":431,"column":28},"end":{"line":431,"column":78}},"134":{"start":{"line":432,"column":26},"end":{"line":435,"column":30}},"135":{"start":{"line":438,"column":25},"end":{"line":438,"column":60}},"136":{"start":{"line":439,"column":8},"end":{"line":515,"column":11}},"137":{"start":{"line":440,"column":12},"end":{"line":447,"column":13}},"138":{"start":{"line":441,"column":16},"end":{"line":441,"column":65}},"139":{"start":{"line":442,"column":16},"end":{"line":446,"column":19}},"140":{"start":{"line":449,"column":12},"end":{"line":455,"column":13}},"141":{"start":{"line":450,"column":16},"end":{"line":450,"column":52}},"142":{"start":{"line":451,"column":16},"end":{"line":454,"column":19}},"143":{"start":{"line":457,"column":12},"end":{"line":457,"column":47}},"144":{"start":{"line":459,"column":31},"end":{"line":459,"column":68}},"145":{"start":{"line":461,"column":12},"end":{"line":465,"column":15}},"146":{"start":{"line":468,"column":30},"end":{"line":473,"column":13}},"147":{"start":{"line":475,"column":12},"end":{"line":514,"column":14}},"148":{"start":{"line":479,"column":20},"end":{"line":486,"column":21}},"149":{"start":{"line":480,"column":24},"end":{"line":480,"column":66}},"150":{"start":{"line":481,"column":24},"end":{"line":485,"column":27}},"151":{"start":{"line":488,"column":20},"end":{"line":494,"column":21}},"152":{"start":{"line":489,"column":24},"end":{"line":489,"column":57}},"153":{"start":{"line":490,"column":24},"end":{"line":493,"column":27}},"154":{"start":{"line":496,"column":35},"end":{"line":498,"column":54}},"155":{"start":{"line":499,"column":40},"end":{"line":499,"column":83}},"156":{"start":{"line":501,"column":20},"end":{"line":504,"column":23}},"157":{"start":{"line":506,"column":20},"end":{"line":512,"column":23}},"158":{"start":{"line":517,"column":8},"end":{"line":517,"column":61}},"159":{"start":{"line":518,"column":8},"end":{"line":522,"column":11}},"160":{"start":{"line":532,"column":23},"end":{"line":576,"column":1}},"161":{"start":{"line":533,"column":4},"end":{"line":575,"column":5}},"162":{"start":{"line":534,"column":26},"end":{"line":534,"column":36}},"163":{"start":{"line":537,"column":8},"end":{"line":537,"column":41}},"164":{"start":{"line":539,"column":20},"end":{"line":543,"column":9}},"165":{"start":{"line":545,"column":8},"end":{"line":568,"column":11}},"166":{"start":{"line":546,"column":12},"end":{"line":551,"column":13}},"167":{"start":{"line":547,"column":16},"end":{"line":550,"column":19}},"168":{"start":{"line":554,"column":29},"end":{"line":556,"column":14}},"169":{"start":{"line":558,"column":12},"end":{"line":567,"column":15}},"170":{"start":{"line":570,"column":8},"end":{"line":570,"column":56}},"171":{"start":{"line":571,"column":8},"end":{"line":574,"column":11}},"172":{"start":{"line":578,"column":0},"end":{"line":585,"column":2}}},"fnMap":{"0":{"name":"(anonymous_0)","decl":{"start":{"line":20,"column":20},"end":{"line":20,"column":21}},"loc":{"start":{"line":20,"column":40},"end":{"line":109,"column":1}},"line":20},"1":{"name":"(anonymous_1)","decl":{"start":{"line":69,"column":16},"end":{"line":69,"column":17}},"loc":{"start":{"line":69,"column":31},"end":{"line":89,"column":17}},"line":69},"2":{"name":"(anonymous_2)","decl":{"start":{"line":118,"column":18},"end":{"line":118,"column":19}},"loc":{"start":{"line":118,"column":38},"end":{"line":153,"column":1}},"line":118},"3":{"name":"(anonymous_3)","decl":{"start":{"line":122,"column":31},"end":{"line":122,"column":32}},"loc":{"start":{"line":122,"column":46},"end":{"line":145,"column":9}},"line":122},"4":{"name":"(anonymous_4)","decl":{"start":{"line":131,"column":44},"end":{"line":131,"column":45}},"loc":{"start":{"line":131,"column":55},"end":{"line":139,"column":13}},"line":131},"5":{"name":"(anonymous_5)","decl":{"start":{"line":162,"column":18},"end":{"line":162,"column":19}},"loc":{"start":{"line":162,"column":38},"end":{"line":282,"column":1}},"line":162},"6":{"name":"(anonymous_6)","decl":{"start":{"line":209,"column":33},"end":{"line":209,"column":34}},"loc":{"start":{"line":209,"column":55},"end":{"line":274,"column":9}},"line":209},"7":{"name":"(anonymous_7)","decl":{"start":{"line":230,"column":34},"end":{"line":230,"column":35}},"loc":{"start":{"line":230,"column":55},"end":{"line":238,"column":17}},"line":230},"8":{"name":"(anonymous_8)","decl":{"start":{"line":250,"column":20},"end":{"line":250,"column":21}},"loc":{"start":{"line":250,"column":35},"end":{"line":266,"column":21}},"line":250},"9":{"name":"(anonymous_9)","decl":{"start":{"line":291,"column":20},"end":{"line":291,"column":21}},"loc":{"start":{"line":291,"column":40},"end":{"line":416,"column":1}},"line":291},"10":{"name":"(anonymous_10)","decl":{"start":{"line":305,"column":42},"end":{"line":305,"column":43}},"loc":{"start":{"line":305,"column":48},"end":{"line":305,"column":51}},"line":305},"11":{"name":"(anonymous_11)","decl":{"start":{"line":308,"column":37},"end":{"line":308,"column":38}},"loc":{"start":{"line":308,"column":60},"end":{"line":408,"column":9}},"line":308},"12":{"name":"(anonymous_12)","decl":{"start":{"line":318,"column":16},"end":{"line":318,"column":17}},"loc":{"start":{"line":318,"column":27},"end":{"line":318,"column":53}},"line":318},"13":{"name":"(anonymous_13)","decl":{"start":{"line":324,"column":29},"end":{"line":324,"column":30}},"loc":{"start":{"line":324,"column":36},"end":{"line":324,"column":40}},"line":324},"14":{"name":"(anonymous_14)","decl":{"start":{"line":334,"column":20},"end":{"line":334,"column":21}},"loc":{"start":{"line":334,"column":34},"end":{"line":334,"column":60}},"line":334},"15":{"name":"(anonymous_15)","decl":{"start":{"line":340,"column":34},"end":{"line":340,"column":35}},"loc":{"start":{"line":340,"column":55},"end":{"line":367,"column":17}},"line":340},"16":{"name":"(anonymous_16)","decl":{"start":{"line":344,"column":35},"end":{"line":344,"column":36}},"loc":{"start":{"line":344,"column":46},"end":{"line":346,"column":21}},"line":344},"17":{"name":"(anonymous_17)","decl":{"start":{"line":355,"column":37},"end":{"line":355,"column":38}},"loc":{"start":{"line":355,"column":54},"end":{"line":357,"column":25}},"line":355},"18":{"name":"(anonymous_18)","decl":{"start":{"line":358,"column":40},"end":{"line":358,"column":41}},"loc":{"start":{"line":358,"column":54},"end":{"line":360,"column":25}},"line":358},"19":{"name":"(anonymous_19)","decl":{"start":{"line":362,"column":37},"end":{"line":362,"column":38}},"loc":{"start":{"line":362,"column":46},"end":{"line":365,"column":25}},"line":362},"20":{"name":"(anonymous_20)","decl":{"start":{"line":371,"column":20},"end":{"line":371,"column":21}},"loc":{"start":{"line":371,"column":36},"end":{"line":371,"column":56}},"line":371},"21":{"name":"(anonymous_21)","decl":{"start":{"line":380,"column":20},"end":{"line":380,"column":21}},"loc":{"start":{"line":380,"column":35},"end":{"line":396,"column":21}},"line":380},"22":{"name":"(anonymous_22)","decl":{"start":{"line":425,"column":26},"end":{"line":425,"column":27}},"loc":{"start":{"line":425,"column":46},"end":{"line":524,"column":1}},"line":425},"23":{"name":"(anonymous_23)","decl":{"start":{"line":439,"column":38},"end":{"line":439,"column":39}},"loc":{"start":{"line":439,"column":59},"end":{"line":515,"column":9}},"line":439},"24":{"name":"(anonymous_24)","decl":{"start":{"line":478,"column":16},"end":{"line":478,"column":17}},"loc":{"start":{"line":478,"column":37},"end":{"line":513,"column":17}},"line":478},"25":{"name":"(anonymous_25)","decl":{"start":{"line":532,"column":23},"end":{"line":532,"column":24}},"loc":{"start":{"line":532,"column":43},"end":{"line":576,"column":1}},"line":532},"26":{"name":"(anonymous_26)","decl":{"start":{"line":545,"column":36},"end":{"line":545,"column":37}},"loc":{"start":{"line":545,"column":52},"end":{"line":568,"column":9}},"line":545}},"branchMap":{"0":{"loc":{"start":{"line":23,"column":8},"end":{"line":28,"column":9}},"type":"if","locations":[{"start":{"line":23,"column":8},"end":{"line":28,"column":9}},{"start":{},"end":{}}],"line":23},"1":{"loc":{"start":{"line":52,"column":12},"end":{"line":62,"column":13}},"type":"if","locations":[{"start":{"line":52,"column":12},"end":{"line":62,"column":13}},{"start":{},"end":{}}],"line":52},"2":{"loc":{"start":{"line":53,"column":16},"end":{"line":54,"column":58}},"type":"binary-expr","locations":[{"start":{"line":53,"column":16},"end":{"line":53,"column":58}},{"start":{"line":54,"column":16},"end":{"line":54,"column":58}}],"line":53},"3":{"loc":{"start":{"line":70,"column":20},"end":{"line":77,"column":21}},"type":"if","locations":[{"start":{"line":70,"column":20},"end":{"line":77,"column":21}},{"start":{},"end":{}}],"line":70},"4":{"loc":{"start":{"line":101,"column":8},"end":{"line":103,"column":9}},"type":"if","locations":[{"start":{"line":101,"column":8},"end":{"line":103,"column":9}},{"start":{},"end":{}}],"line":101},"5":{"loc":{"start":{"line":101,"column":12},"end":{"line":101,"column":69}},"type":"binary-expr","locations":[{"start":{"line":101,"column":12},"end":{"line":101,"column":20}},{"start":{"line":101,"column":24},"end":{"line":101,"column":37}},{"start":{"line":101,"column":41},"end":{"line":101,"column":69}}],"line":101},"6":{"loc":{"start":{"line":123,"column":12},"end":{"line":128,"column":13}},"type":"if","locations":[{"start":{"line":123,"column":12},"end":{"line":128,"column":13}},{"start":{},"end":{}}],"line":123},"7":{"loc":{"start":{"line":133,"column":16},"end":{"line":137,"column":17}},"type":"if","locations":[{"start":{"line":133,"column":16},"end":{"line":137,"column":17}},{"start":{},"end":{}}],"line":133},"8":{"loc":{"start":{"line":175,"column":8},"end":{"line":180,"column":9}},"type":"if","locations":[{"start":{"line":175,"column":8},"end":{"line":180,"column":9}},{"start":{},"end":{}}],"line":175},"9":{"loc":{"start":{"line":175,"column":12},"end":{"line":175,"column":60}},"type":"binary-expr","locations":[{"start":{"line":175,"column":12},"end":{"line":175,"column":35}},{"start":{"line":175,"column":39},"end":{"line":175,"column":60}}],"line":175},"10":{"loc":{"start":{"line":186,"column":8},"end":{"line":191,"column":9}},"type":"if","locations":[{"start":{"line":186,"column":8},"end":{"line":191,"column":9}},{"start":{},"end":{}}],"line":186},"11":{"loc":{"start":{"line":186,"column":12},"end":{"line":186,"column":38}},"type":"binary-expr","locations":[{"start":{"line":186,"column":12},"end":{"line":186,"column":24}},{"start":{"line":186,"column":28},"end":{"line":186,"column":38}}],"line":186},"12":{"loc":{"start":{"line":193,"column":8},"end":{"line":198,"column":9}},"type":"if","locations":[{"start":{"line":193,"column":8},"end":{"line":198,"column":9}},{"start":{},"end":{}}],"line":193},"13":{"loc":{"start":{"line":200,"column":8},"end":{"line":205,"column":9}},"type":"if","locations":[{"start":{"line":200,"column":8},"end":{"line":205,"column":9}},{"start":{},"end":{}}],"line":200},"14":{"loc":{"start":{"line":210,"column":12},"end":{"line":215,"column":13}},"type":"if","locations":[{"start":{"line":210,"column":12},"end":{"line":215,"column":13}},{"start":{},"end":{}}],"line":210},"15":{"loc":{"start":{"line":210,"column":16},"end":{"line":210,"column":29}},"type":"binary-expr","locations":[{"start":{"line":210,"column":16},"end":{"line":210,"column":19}},{"start":{"line":210,"column":23},"end":{"line":210,"column":29}}],"line":210},"16":{"loc":{"start":{"line":218,"column":12},"end":{"line":223,"column":13}},"type":"if","locations":[{"start":{"line":218,"column":12},"end":{"line":223,"column":13}},{"start":{},"end":{}}],"line":218},"17":{"loc":{"start":{"line":251,"column":24},"end":{"line":254,"column":25}},"type":"if","locations":[{"start":{"line":251,"column":24},"end":{"line":254,"column":25}},{"start":{},"end":{}}],"line":251},"18":{"loc":{"start":{"line":269,"column":16},"end":{"line":271,"column":17}},"type":"if","locations":[{"start":{"line":269,"column":16},"end":{"line":271,"column":17}},{"start":{},"end":{}}],"line":269},"19":{"loc":{"start":{"line":297,"column":8},"end":{"line":302,"column":9}},"type":"if","locations":[{"start":{"line":297,"column":8},"end":{"line":302,"column":9}},{"start":{},"end":{}}],"line":297},"20":{"loc":{"start":{"line":297,"column":12},"end":{"line":297,"column":72}},"type":"binary-expr","locations":[{"start":{"line":297,"column":12},"end":{"line":297,"column":21}},{"start":{"line":297,"column":25},"end":{"line":297,"column":49}},{"start":{"line":297,"column":53},"end":{"line":297,"column":72}}],"line":297},"21":{"loc":{"start":{"line":309,"column":12},"end":{"line":314,"column":13}},"type":"if","locations":[{"start":{"line":309,"column":12},"end":{"line":314,"column":13}},{"start":{},"end":{}}],"line":309},"22":{"loc":{"start":{"line":309,"column":16},"end":{"line":309,"column":56}},"type":"binary-expr","locations":[{"start":{"line":309,"column":16},"end":{"line":309,"column":19}},{"start":{"line":309,"column":23},"end":{"line":309,"column":56}}],"line":309},"23":{"loc":{"start":{"line":320,"column":12},"end":{"line":327,"column":13}},"type":"if","locations":[{"start":{"line":320,"column":12},"end":{"line":327,"column":13}},{"start":{},"end":{}}],"line":320},"24":{"loc":{"start":{"line":381,"column":24},"end":{"line":384,"column":25}},"type":"if","locations":[{"start":{"line":381,"column":24},"end":{"line":384,"column":25}},{"start":{},"end":{}}],"line":381},"25":{"loc":{"start":{"line":400,"column":16},"end":{"line":402,"column":17}},"type":"if","locations":[{"start":{"line":400,"column":16},"end":{"line":402,"column":17}},{"start":{},"end":{}}],"line":400},"26":{"loc":{"start":{"line":431,"column":28},"end":{"line":431,"column":78}},"type":"binary-expr","locations":[{"start":{"line":431,"column":28},"end":{"line":431,"column":33}},{"start":{"line":431,"column":37},"end":{"line":431,"column":72}},{"start":{"line":431,"column":76},"end":{"line":431,"column":78}}],"line":431},"27":{"loc":{"start":{"line":440,"column":12},"end":{"line":447,"column":13}},"type":"if","locations":[{"start":{"line":440,"column":12},"end":{"line":447,"column":13}},{"start":{},"end":{}}],"line":440},"28":{"loc":{"start":{"line":449,"column":12},"end":{"line":455,"column":13}},"type":"if","locations":[{"start":{"line":449,"column":12},"end":{"line":455,"column":13}},{"start":{},"end":{}}],"line":449},"29":{"loc":{"start":{"line":479,"column":20},"end":{"line":486,"column":21}},"type":"if","locations":[{"start":{"line":479,"column":20},"end":{"line":486,"column":21}},{"start":{},"end":{}}],"line":479},"30":{"loc":{"start":{"line":488,"column":20},"end":{"line":494,"column":21}},"type":"if","locations":[{"start":{"line":488,"column":20},"end":{"line":494,"column":21}},{"start":{},"end":{}}],"line":488},"31":{"loc":{"start":{"line":546,"column":12},"end":{"line":551,"column":13}},"type":"if","locations":[{"start":{"line":546,"column":12},"end":{"line":551,"column":13}},{"start":{},"end":{}}],"line":546},"32":{"loc":{"start":{"line":546,"column":16},"end":{"line":546,"column":29}},"type":"binary-expr","locations":[{"start":{"line":546,"column":16},"end":{"line":546,"column":19}},{"start":{"line":546,"column":23},"end":{"line":546,"column":29}}],"line":546}},"s":{"0":2,"1":2,"2":2,"3":2,"4":2,"5":2,"6":2,"7":2,"8":2,"9":2,"10":6,"11":6,"12":1,"13":5,"14":5,"15":5,"16":5,"17":5,"18":5,"19":5,"20":0,"21":0,"22":5,"23":5,"24":5,"25":0,"26":0,"27":5,"28":0,"29":0,"30":0,"31":0,"32":0,"33":2,"34":3,"35":3,"36":3,"37":3,"38":1,"39":2,"40":3,"41":3,"42":0,"43":0,"44":3,"45":2,"46":0,"47":2,"48":4,"49":4,"50":4,"51":4,"52":4,"53":0,"54":4,"55":4,"56":4,"57":0,"58":4,"59":2,"60":2,"61":0,"62":2,"63":2,"64":2,"65":0,"66":2,"67":0,"68":2,"69":2,"70":2,"71":2,"72":2,"73":2,"74":2,"75":2,"76":0,"77":0,"78":2,"79":0,"80":0,"81":0,"82":0,"83":2,"84":0,"85":0,"86":0,"87":0,"88":0,"89":0,"90":0,"91":0,"92":0,"93":0,"94":0,"95":0,"96":0,"97":0,"98":0,"99":0,"100":0,"101":0,"102":0,"103":0,"104":0,"105":0,"106":0,"107":0,"108":0,"109":0,"110":0,"111":0,"112":0,"113":0,"114":0,"115":0,"116":0,"117":0,"118":0,"119":0,"120":0,"121":0,"122":0,"123":0,"124":0,"125":0,"126":0,"127":0,"128":2,"129":3,"130":3,"131":3,"132":3,"133":3,"134":3,"135":3,"136":3,"137":3,"138":0,"139":0,"140":3,"141":0,"142":0,"143":3,"144":3,"145":3,"146":3,"147":3,"148":3,"149":0,"150":0,"151":3,"152":0,"153":0,"154":3,"155":3,"156":3,"157":3,"158":0,"159":0,"160":2,"161":2,"162":2,"163":2,"164":2,"165":2,"166":2,"167":1,"168":1,"169":1,"170":0,"171":0,"172":2},"f":{"0":6,"1":5,"2":3,"3":3,"4":3,"5":4,"6":2,"7":2,"8":2,"9":0,"10":0,"11":0,"12":0,"13":0,"14":0,"15":0,"16":0,"17":0,"18":0,"19":0,"20":0,"21":0,"22":3,"23":3,"24":3,"25":2,"26":2},"b":{"0":[1,5],"1":[0,5],"2":[5,5],"3":[0,5],"4":[0,0],"5":[0,0,0],"6":[1,2],"7":[0,3],"8":[0,4],"9":[4,4],"10":[0,4],"11":[4,4],"12":[2,2],"13":[0,2],"14":[0,2],"15":[2,2],"16":[0,2],"17":[0,2],"18":[0,0],"19":[0,0],"20":[0,0,0],"21":[0,0],"22":[0,0],"23":[0,0],"24":[0,0],"25":[0,0],"26":[3,0,0],"27":[0,3],"28":[0,3],"29":[0,3],"30":[0,3],"31":[1,1],"32":[2,2]},"_coverageSchema":"1a1c01bbd47fc00a2c39e90264f33305004495a9","hash":"ea992440ed23dbb834bf1c164aafbd06ea0d494f"}
,"C:\\Users\\abhik\\Desktop\\tempWorkingProjects\\rest_api_vid\\backend\\src\\middleware\\auth.js": {"path":"C:\\Users\\abhik\\Desktop\\tempWorkingProjects\\rest_api_vid\\backend\\src\\middleware\\auth.js","statementMap":{"0":{"start":{"line":1,"column":23},"end":{"line":23,"column":1}},"1":{"start":{"line":2,"column":4},"end":{"line":22,"column":5}},"2":{"start":{"line":3,"column":22},"end":{"line":3,"column":50}},"3":{"start":{"line":4,"column":8},"end":{"line":14,"column":9}},"4":{"start":{"line":5,"column":12},"end":{"line":5,"column":19}},"5":{"start":{"line":8,"column":12},"end":{"line":13,"column":23}},"6":{"start":{"line":16,"column":8},"end":{"line":21,"column":19}},"7":{"start":{"line":25,"column":0},"end":{"line":25,"column":32}}},"fnMap":{"0":{"name":"(anonymous_0)","decl":{"start":{"line":1,"column":23},"end":{"line":1,"column":24}},"loc":{"start":{"line":1,"column":43},"end":{"line":23,"column":1}},"line":1}},"branchMap":{"0":{"loc":{"start":{"line":4,"column":8},"end":{"line":14,"column":9}},"type":"if","locations":[{"start":{"line":4,"column":8},"end":{"line":14,"column":9}},{"start":{"line":6,"column":15},"end":{"line":14,"column":9}}],"line":4},"1":{"loc":{"start":{"line":4,"column":12},"end":{"line":4,"column":52}},"type":"binary-expr","locations":[{"start":{"line":4,"column":12},"end":{"line":4,"column":17}},{"start":{"line":4,"column":21},"end":{"line":4,"column":52}}],"line":4}},"s":{"0":1,"1":19,"2":19,"3":19,"4":18,"5":1,"6":0,"7":1},"f":{"0":19},"b":{"0":[18,1],"1":[19,18]},"_coverageSchema":"1a1c01bbd47fc00a2c39e90264f33305004495a9","hash":"9ce0cac67a293f1551419465bdd36c4a1b7f637b"}
,"C:\\Users\\abhik\\Desktop\\tempWorkingProjects\\rest_api_vid\\backend\\src\\models\\videoModel.js": {"path":"C:\\Users\\abhik\\Desktop\\tempWorkingProjects\\rest_api_vid\\backend\\src\\models\\videoModel.js","statementMap":{"0":{"start":{"line":3,"column":24},"end":{"line":29,"column":9}},"1":{"start":{"line":31,"column":8},"end":{"line":95,"column":15}},"2":{"start":{"line":33,"column":29},"end":{"line":64,"column":13}},"3":{"start":{"line":34,"column":16},"end":{"line":53,"column":17}},"4":{"start":{"line":36,"column":20},"end":{"line":51,"column":22}},"5":{"start":{"line":40,"column":28},"end":{"line":49,"column":29}},"6":{"start":{"line":41,"column":32},"end":{"line":44,"column":34}},"7":{"start":{"line":45,"column":32},"end":{"line":45,"column":44}},"8":{"start":{"line":47,"column":32},"end":{"line":47,"column":73}},"9":{"start":{"line":48,"column":32},"end":{"line":48,"column":42}},"10":{"start":{"line":52,"column":20},"end":{"line":52,"column":27}},"11":{"start":{"line":55,"column":16},"end":{"line":63,"column":19}},"12":{"start":{"line":56,"column":20},"end":{"line":62,"column":21}},"13":{"start":{"line":57,"column":24},"end":{"line":57,"column":68}},"14":{"start":{"line":58,"column":24},"end":{"line":58,"column":36}},"15":{"start":{"line":60,"column":24},"end":{"line":60,"column":77}},"16":{"start":{"line":61,"column":24},"end":{"line":61,"column":44}},"17":{"start":{"line":67,"column":12},"end":{"line":75,"column":15}},"18":{"start":{"line":68,"column":16},"end":{"line":72,"column":17}},"19":{"start":{"line":69,"column":20},"end":{"line":69,"column":67}},"20":{"start":{"line":70,"column":20},"end":{"line":70,"column":32}},"21":{"start":{"line":71,"column":20},"end":{"line":71,"column":27}},"22":{"start":{"line":74,"column":16},"end":{"line":74,"column":28}},"23":{"start":{"line":78,"column":16},"end":{"line":87,"column":19}},"24":{"start":{"line":79,"column":20},"end":{"line":86,"column":23}},"25":{"start":{"line":80,"column":24},"end":{"line":85,"column":25}},"26":{"start":{"line":81,"column":28},"end":{"line":81,"column":76}},"27":{"start":{"line":82,"column":28},"end":{"line":82,"column":40}},"28":{"start":{"line":84,"column":28},"end":{"line":84,"column":38}},"29":{"start":{"line":90,"column":16},"end":{"line":94,"column":19}},"30":{"start":{"line":91,"column":20},"end":{"line":93,"column":23}},"31":{"start":{"line":92,"column":24},"end":{"line":92,"column":36}},"32":{"start":{"line":99,"column":20},"end":{"line":103,"column":9}},"33":{"start":{"line":104,"column":8},"end":{"line":111,"column":11}},"34":{"start":{"line":105,"column":12},"end":{"line":110,"column":15}},"35":{"start":{"line":106,"column":16},"end":{"line":109,"column":33}},"36":{"start":{"line":107,"column":20},"end":{"line":107,"column":62}},"37":{"start":{"line":108,"column":20},"end":{"line":108,"column":32}},"38":{"start":{"line":109,"column":23},"end":{"line":109,"column":33}},"39":{"start":{"line":115,"column":0},"end":{"line":115,"column":23}}},"fnMap":{"0":{"name":"(anonymous_0)","decl":{"start":{"line":2,"column":4},"end":{"line":2,"column":5}},"loc":{"start":{"line":2,"column":31},"end":{"line":96,"column":5}},"line":2},"1":{"name":"(anonymous_1)","decl":{"start":{"line":31,"column":27},"end":{"line":31,"column":28}},"loc":{"start":{"line":31,"column":48},"end":{"line":76,"column":9}},"line":31},"2":{"name":"(anonymous_2)","decl":{"start":{"line":33,"column":29},"end":{"line":33,"column":30}},"loc":{"start":{"line":33,"column":40},"end":{"line":64,"column":13}},"line":33},"3":{"name":"(anonymous_3)","decl":{"start":{"line":39,"column":24},"end":{"line":39,"column":25}},"loc":{"start":{"line":39,"column":42},"end":{"line":50,"column":25}},"line":39},"4":{"name":"(anonymous_4)","decl":{"start":{"line":55,"column":46},"end":{"line":55,"column":47}},"loc":{"start":{"line":55,"column":55},"end":{"line":63,"column":17}},"line":55},"5":{"name":"(anonymous_5)","decl":{"start":{"line":67,"column":47},"end":{"line":67,"column":48}},"loc":{"start":{"line":67,"column":56},"end":{"line":75,"column":13}},"line":67},"6":{"name":"(anonymous_6)","decl":{"start":{"line":77,"column":18},"end":{"line":77,"column":19}},"loc":{"start":{"line":77,"column":24},"end":{"line":88,"column":13}},"line":77},"7":{"name":"(anonymous_7)","decl":{"start":{"line":78,"column":35},"end":{"line":78,"column":36}},"loc":{"start":{"line":78,"column":56},"end":{"line":87,"column":17}},"line":78},"8":{"name":"(anonymous_8)","decl":{"start":{"line":79,"column":44},"end":{"line":79,"column":45}},"loc":{"start":{"line":79,"column":53},"end":{"line":86,"column":21}},"line":79},"9":{"name":"(anonymous_9)","decl":{"start":{"line":89,"column":19},"end":{"line":89,"column":20}},"loc":{"start":{"line":89,"column":28},"end":{"line":95,"column":13}},"line":89},"10":{"name":"(anonymous_10)","decl":{"start":{"line":90,"column":35},"end":{"line":90,"column":36}},"loc":{"start":{"line":90,"column":56},"end":{"line":94,"column":17}},"line":90},"11":{"name":"(anonymous_11)","decl":{"start":{"line":91,"column":46},"end":{"line":91,"column":47}},"loc":{"start":{"line":91,"column":52},"end":{"line":93,"column":21}},"line":91},"12":{"name":"(anonymous_12)","decl":{"start":{"line":98,"column":4},"end":{"line":98,"column":5}},"loc":{"start":{"line":98,"column":38},"end":{"line":112,"column":5}},"line":98},"13":{"name":"(anonymous_13)","decl":{"start":{"line":104,"column":27},"end":{"line":104,"column":28}},"loc":{"start":{"line":104,"column":48},"end":{"line":111,"column":9}},"line":104},"14":{"name":"(anonymous_14)","decl":{"start":{"line":105,"column":35},"end":{"line":105,"column":36}},"loc":{"start":{"line":105,"column":44},"end":{"line":110,"column":13}},"line":105}},"branchMap":{"0":{"loc":{"start":{"line":34,"column":16},"end":{"line":53,"column":17}},"type":"if","locations":[{"start":{"line":34,"column":16},"end":{"line":53,"column":17}},{"start":{},"end":{}}],"line":34},"1":{"loc":{"start":{"line":40,"column":28},"end":{"line":49,"column":29}},"type":"if","locations":[{"start":{"line":40,"column":28},"end":{"line":49,"column":29}},{"start":{"line":46,"column":35},"end":{"line":49,"column":29}}],"line":40},"2":{"loc":{"start":{"line":56,"column":20},"end":{"line":62,"column":21}},"type":"if","locations":[{"start":{"line":56,"column":20},"end":{"line":62,"column":21}},{"start":{"line":59,"column":27},"end":{"line":62,"column":21}}],"line":56},"3":{"loc":{"start":{"line":68,"column":16},"end":{"line":72,"column":17}},"type":"if","locations":[{"start":{"line":68,"column":16},"end":{"line":72,"column":17}},{"start":{},"end":{}}],"line":68},"4":{"loc":{"start":{"line":80,"column":24},"end":{"line":85,"column":25}},"type":"if","locations":[{"start":{"line":80,"column":24},"end":{"line":85,"column":25}},{"start":{"line":83,"column":31},"end":{"line":85,"column":25}}],"line":80},"5":{"loc":{"start":{"line":106,"column":16},"end":{"line":109,"column":33}},"type":"if","locations":[{"start":{"line":106,"column":16},"end":{"line":109,"column":33}},{"start":{"line":109,"column":23},"end":{"line":109,"column":33}}],"line":106}},"s":{"0":0,"1":0,"2":0,"3":0,"4":0,"5":0,"6":0,"7":0,"8":0,"9":0,"10":0,"11":0,"12":0,"13":0,"14":0,"15":0,"16":0,"17":0,"18":0,"19":0,"20":0,"21":0,"22":0,"23":0,"24":0,"25":0,"26":0,"27":0,"28":0,"29":0,"30":0,"31":0,"32":2,"33":2,"34":2,"35":2,"36":0,"37":0,"38":2,"39":2},"f":{"0":0,"1":0,"2":0,"3":0,"4":0,"5":0,"6":0,"7":0,"8":0,"9":0,"10":0,"11":0,"12":2,"13":2,"14":2},"b":{"0":[0,0],"1":[0,0],"2":[0,0],"3":[0,0],"4":[0,0],"5":[0,2]},"_coverageSchema":"1a1c01bbd47fc00a2c39e90264f33305004495a9","hash":"2cc7da81b649ef2397e2a5a7ce574abe85384092"}
,"C:\\Users\\abhik\\Desktop\\tempWorkingProjects\\rest_api_vid\\backend\\src\\routes\\videoRoutes.js": {"path":"C:\\Users\\abhik\\Desktop\\tempWorkingProjects\\rest_api_vid\\backend\\src\\routes\\videoRoutes.js","statementMap":{"0":{"start":{"line":1,"column":16},"end":{"line":1,"column":34}},"1":{"start":{"line":2,"column":15},"end":{"line":2,"column":31}},"2":{"start":{"line":3,"column":24},"end":{"line":3,"column":65}},"3":{"start":{"line":4,"column":19},"end":{"line":4,"column":46}},"4":{"start":{"line":5,"column":15},"end":{"line":5,"column":32}},"5":{"start":{"line":6,"column":23},"end":{"line":6,"column":52}},"6":{"start":{"line":263,"column":21},"end":{"line":282,"column":1}},"7":{"start":{"line":264,"column":29},"end":{"line":264,"column":51}},"8":{"start":{"line":266,"column":4},"end":{"line":281,"column":7}},"9":{"start":{"line":267,"column":8},"end":{"line":279,"column":9}},"10":{"start":{"line":269,"column":12},"end":{"line":272,"column":15}},"11":{"start":{"line":273,"column":15},"end":{"line":279,"column":9}},"12":{"start":{"line":275,"column":12},"end":{"line":278,"column":15}},"13":{"start":{"line":280,"column":8},"end":{"line":280,"column":15}},"14":{"start":{"line":285,"column":0},"end":{"line":285,"column":60}},"15":{"start":{"line":288,"column":0},"end":{"line":288,"column":27}},"16":{"start":{"line":291,"column":0},"end":{"line":291,"column":61}},"17":{"start":{"line":292,"column":0},"end":{"line":292,"column":66}},"18":{"start":{"line":293,"column":0},"end":{"line":293,"column":43}},"19":{"start":{"line":294,"column":0},"end":{"line":294,"column":52}},"20":{"start":{"line":295,"column":0},"end":{"line":295,"column":51}},"21":{"start":{"line":297,"column":0},"end":{"line":297,"column":24}}},"fnMap":{"0":{"name":"(anonymous_0)","decl":{"start":{"line":263,"column":21},"end":{"line":263,"column":22}},"loc":{"start":{"line":263,"column":41},"end":{"line":282,"column":1}},"line":263},"1":{"name":"(anonymous_1)","decl":{"start":{"line":266,"column":31},"end":{"line":266,"column":32}},"loc":{"start":{"line":266,"column":40},"end":{"line":281,"column":5}},"line":266}},"branchMap":{"0":{"loc":{"start":{"line":267,"column":8},"end":{"line":279,"column":9}},"type":"if","locations":[{"start":{"line":267,"column":8},"end":{"line":279,"column":9}},{"start":{"line":273,"column":15},"end":{"line":279,"column":9}}],"line":267},"1":{"loc":{"start":{"line":273,"column":15},"end":{"line":279,"column":9}},"type":"if","locations":[{"start":{"line":273,"column":15},"end":{"line":279,"column":9}},{"start":{},"end":{}}],"line":273}},"s":{"0":1,"1":1,"2":1,"3":1,"4":1,"5":1,"6":1,"7":4,"8":4,"9":4,"10":0,"11":4,"12":0,"13":4,"14":1,"15":1,"16":1,"17":1,"18":1,"19":1,"20":1,"21":1},"f":{"0":4,"1":4},"b":{"0":[0,4],"1":[0,4]},"_coverageSchema":"1a1c01bbd47fc00a2c39e90264f33305004495a9","hash":"c210f48fd9e2a5bafb0ef123cde0bade63f98c2c"}
}
