{"C:\\Users\\abhik\\Desktop\\tempWorkingProjects\\rest_api_vid\\backend\\server.js": {"path":"C:\\Users\\abhik\\Desktop\\tempWorkingProjects\\rest_api_vid\\backend\\server.js","statementMap":{"0":{"start":{"line":1,"column":16},"end":{"line":1,"column":34}},"1":{"start":{"line":2,"column":19},"end":{"line":2,"column":41}},"2":{"start":{"line":3,"column":16},"end":{"line":3,"column":44}},"3":{"start":{"line":4,"column":15},"end":{"line":4,"column":32}},"4":{"start":{"line":5,"column":20},"end":{"line":5,"column":55}},"5":{"start":{"line":6,"column":23},"end":{"line":6,"column":55}},"6":{"start":{"line":7,"column":14},"end":{"line":7,"column":48}},"7":{"start":{"line":8,"column":11},"end":{"line":8,"column":24}},"8":{"start":{"line":9,"column":13},"end":{"line":9,"column":28}},"9":{"start":{"line":10,"column":18},"end":{"line":10,"column":47}},"10":{"start":{"line":11,"column":21},"end":{"line":11,"column":52}},"11":{"start":{"line":12,"column":13},"end":{"line":12,"column":28}},"12":{"start":{"line":14,"column":0},"end":{"line":14,"column":16}},"13":{"start":{"line":16,"column":12},"end":{"line":16,"column":21}},"14":{"start":{"line":17,"column":13},"end":{"line":17,"column":37}},"15":{"start":{"line":20,"column":19},"end":{"line":20,"column":50}},"16":{"start":{"line":21,"column":0},"end":{"line":23,"column":1}},"17":{"start":{"line":22,"column":4},"end":{"line":22,"column":50}},"18":{"start":{"line":27,"column":4},"end":{"line":27,"column":31}},"19":{"start":{"line":28,"column":4},"end":{"line":28,"column":20}},"20":{"start":{"line":29,"column":4},"end":{"line":29,"column":51}},"21":{"start":{"line":30,"column":4},"end":{"line":30,"column":73}},"22":{"start":{"line":33,"column":4},"end":{"line":42,"column":6}},"23":{"start":{"line":36,"column":12},"end":{"line":38,"column":13}},"24":{"start":{"line":37,"column":16},"end":{"line":37,"column":30}},"25":{"start":{"line":39,"column":12},"end":{"line":39,"column":43}},"26":{"start":{"line":44,"column":4},"end":{"line":46,"column":7}},"27":{"start":{"line":45,"column":8},"end":{"line":45,"column":65}},"28":{"start":{"line":48,"column":4},"end":{"line":48,"column":15}},"29":{"start":{"line":51,"column":0},"end":{"line":51,"column":14}},"30":{"start":{"line":54,"column":0},"end":{"line":94,"column":1}},"31":{"start":{"line":56,"column":15},"end":{"line":75,"column":6}},"32":{"start":{"line":57,"column":8},"end":{"line":60,"column":9}},"33":{"start":{"line":58,"column":12},"end":{"line":58,"column":61}},"34":{"start":{"line":59,"column":12},"end":{"line":59,"column":28}},"35":{"start":{"line":61,"column":8},"end":{"line":61,"column":57}},"36":{"start":{"line":64,"column":8},"end":{"line":64,"column":43}},"37":{"start":{"line":67,"column":8},"end":{"line":74,"column":15}},"38":{"start":{"line":69,"column":16},"end":{"line":69,"column":72}},"39":{"start":{"line":72,"column":16},"end":{"line":72,"column":76}},"40":{"start":{"line":73,"column":16},"end":{"line":73,"column":32}},"41":{"start":{"line":78,"column":4},"end":{"line":78,"column":19}},"42":{"start":{"line":81,"column":4},"end":{"line":89,"column":7}},"43":{"start":{"line":82,"column":8},"end":{"line":88,"column":11}},"44":{"start":{"line":83,"column":12},"end":{"line":85,"column":13}},"45":{"start":{"line":84,"column":16},"end":{"line":84,"column":43}},"46":{"start":{"line":86,"column":12},"end":{"line":86,"column":59}},"47":{"start":{"line":87,"column":12},"end":{"line":87,"column":28}},"48":{"start":{"line":91,"column":19},"end":{"line":93,"column":6}},"49":{"start":{"line":92,"column":8},"end":{"line":92,"column":57}},"50":{"start":{"line":96,"column":0},"end":{"line":96,"column":35}}},"fnMap":{"0":{"name":"setupApp","decl":{"start":{"line":25,"column":9},"end":{"line":25,"column":17}},"loc":{"start":{"line":25,"column":23},"end":{"line":49,"column":1}},"line":25},"1":{"name":"(anonymous_1)","decl":{"start":{"line":35,"column":8},"end":{"line":35,"column":9}},"loc":{"start":{"line":35,"column":28},"end":{"line":40,"column":9}},"line":35},"2":{"name":"(anonymous_2)","decl":{"start":{"line":44,"column":23},"end":{"line":44,"column":24}},"loc":{"start":{"line":44,"column":37},"end":{"line":46,"column":5}},"line":44},"3":{"name":"(anonymous_3)","decl":{"start":{"line":56,"column":53},"end":{"line":56,"column":54}},"loc":{"start":{"line":56,"column":62},"end":{"line":75,"column":5}},"line":56},"4":{"name":"(anonymous_4)","decl":{"start":{"line":68,"column":18},"end":{"line":68,"column":19}},"loc":{"start":{"line":68,"column":24},"end":{"line":70,"column":13}},"line":68},"5":{"name":"(anonymous_5)","decl":{"start":{"line":71,"column":19},"end":{"line":71,"column":20}},"loc":{"start":{"line":71,"column":28},"end":{"line":74,"column":13}},"line":71},"6":{"name":"(anonymous_6)","decl":{"start":{"line":81,"column":25},"end":{"line":81,"column":26}},"loc":{"start":{"line":81,"column":31},"end":{"line":89,"column":5}},"line":81},"7":{"name":"(anonymous_7)","decl":{"start":{"line":82,"column":17},"end":{"line":82,"column":18}},"loc":{"start":{"line":82,"column":26},"end":{"line":88,"column":9}},"line":82},"8":{"name":"(anonymous_8)","decl":{"start":{"line":91,"column":36},"end":{"line":91,"column":37}},"loc":{"start":{"line":91,"column":42},"end":{"line":93,"column":5}},"line":91}},"branchMap":{"0":{"loc":{"start":{"line":17,"column":13},"end":{"line":17,"column":37}},"type":"binary-expr","locations":[{"start":{"line":17,"column":13},"end":{"line":17,"column":29}},{"start":{"line":17,"column":33},"end":{"line":17,"column":37}}],"line":17},"1":{"loc":{"start":{"line":21,"column":0},"end":{"line":23,"column":1}},"type":"if","locations":[{"start":{"line":21,"column":0},"end":{"line":23,"column":1}},{"start":{},"end":{}}],"line":21},"2":{"loc":{"start":{"line":36,"column":12},"end":{"line":38,"column":13}},"type":"if","locations":[{"start":{"line":36,"column":12},"end":{"line":38,"column":13}},{"start":{},"end":{}}],"line":36},"3":{"loc":{"start":{"line":54,"column":0},"end":{"line":94,"column":1}},"type":"if","locations":[{"start":{"line":54,"column":0},"end":{"line":94,"column":1}},{"start":{},"end":{}}],"line":54},"4":{"loc":{"start":{"line":57,"column":8},"end":{"line":60,"column":9}},"type":"if","locations":[{"start":{"line":57,"column":8},"end":{"line":60,"column":9}},{"start":{},"end":{}}],"line":57},"5":{"loc":{"start":{"line":83,"column":12},"end":{"line":85,"column":13}},"type":"if","locations":[{"start":{"line":83,"column":12},"end":{"line":85,"column":13}},{"start":{},"end":{}}],"line":83}},"s":{"0":1,"1":1,"2":1,"3":1,"4":1,"5":1,"6":1,"7":1,"8":1,"9":1,"10":1,"11":1,"12":1,"13":1,"14":1,"15":1,"16":1,"17":0,"18":2,"19":2,"20":2,"21":2,"22":2,"23":12,"24":2,"25":10,"26":2,"27":0,"28":2,"29":1,"30":1,"31":0,"32":0,"33":0,"34":0,"35":0,"36":0,"37":0,"38":0,"39":0,"40":0,"41":0,"42":0,"43":0,"44":0,"45":0,"46":0,"47":0,"48":0,"49":0,"50":1},"f":{"0":2,"1":12,"2":0,"3":0,"4":0,"5":0,"6":0,"7":0,"8":0},"b":{"0":[1,0],"1":[0,1],"2":[2,10],"3":[0,1],"4":[0,0],"5":[0,0]},"_coverageSchema":"1a1c01bbd47fc00a2c39e90264f33305004495a9","hash":"42d8ccf496efc82db758a2b3c4c721f0ffadd134"}
,"C:\\Users\\abhik\\Desktop\\tempWorkingProjects\\rest_api_vid\\backend\\src\\config\\swagger.js": {"path":"C:\\Users\\abhik\\Desktop\\tempWorkingProjects\\rest_api_vid\\backend\\src\\config\\swagger.js","statementMap":{"0":{"start":{"line":1,"column":21},"end":{"line":1,"column":45}},"1":{"start":{"line":3,"column":16},"end":{"line":29,"column":1}},"2":{"start":{"line":31,"column":14},"end":{"line":31,"column":35}},"3":{"start":{"line":33,"column":0},"end":{"line":33,"column":23}}},"fnMap":{},"branchMap":{},"s":{"0":1,"1":1,"2":1,"3":1},"f":{},"b":{},"_coverageSchema":"1a1c01bbd47fc00a2c39e90264f33305004495a9","hash":"b933f4d5dc0abfc43db3d0aee3cabef8dfbd1405"}
,"C:\\Users\\abhik\\Desktop\\tempWorkingProjects\\rest_api_vid\\backend\\src\\config\\upload.js": {"path":"C:\\Users\\abhik\\Desktop\\tempWorkingProjects\\rest_api_vid\\backend\\src\\config\\upload.js","statementMap":{"0":{"start":{"line":1,"column":15},"end":{"line":1,"column":32}},"1":{"start":{"line":2,"column":13},"end":{"line":2,"column":28}},"2":{"start":{"line":5,"column":16},"end":{"line":12,"column":2}},"3":{"start":{"line":7,"column":8},"end":{"line":7,"column":29}},"4":{"start":{"line":10,"column":8},"end":{"line":10,"column":63}},"5":{"start":{"line":15,"column":19},"end":{"line":49,"column":1}},"6":{"start":{"line":17,"column":29},"end":{"line":27,"column":5}},"7":{"start":{"line":29,"column":30},"end":{"line":29,"column":79}},"8":{"start":{"line":31,"column":26},"end":{"line":31,"column":71}},"9":{"start":{"line":34,"column":4},"end":{"line":48,"column":5}},"10":{"start":{"line":38,"column":8},"end":{"line":38,"column":23}},"11":{"start":{"line":40,"column":8},"end":{"line":47,"column":10}},"12":{"start":{"line":52,"column":15},"end":{"line":54,"column":1}},"13":{"start":{"line":57,"column":15},"end":{"line":61,"column":2}},"14":{"start":{"line":63,"column":0},"end":{"line":70,"column":2}}},"fnMap":{"0":{"name":"(anonymous_0)","decl":{"start":{"line":6,"column":17},"end":{"line":6,"column":18}},"loc":{"start":{"line":6,"column":36},"end":{"line":8,"column":5}},"line":6},"1":{"name":"(anonymous_1)","decl":{"start":{"line":9,"column":14},"end":{"line":9,"column":15}},"loc":{"start":{"line":9,"column":33},"end":{"line":11,"column":5}},"line":9},"2":{"name":"(anonymous_2)","decl":{"start":{"line":15,"column":19},"end":{"line":15,"column":20}},"loc":{"start":{"line":15,"column":38},"end":{"line":49,"column":1}},"line":15}},"branchMap":{"0":{"loc":{"start":{"line":34,"column":4},"end":{"line":48,"column":5}},"type":"if","locations":[{"start":{"line":34,"column":4},"end":{"line":48,"column":5}},{"start":{"line":39,"column":11},"end":{"line":48,"column":5}}],"line":34},"1":{"loc":{"start":{"line":35,"column":8},"end":{"line":36,"column":49}},"type":"binary-expr","locations":[{"start":{"line":35,"column":8},"end":{"line":35,"column":48}},{"start":{"line":36,"column":8},"end":{"line":36,"column":49}}],"line":35}},"s":{"0":2,"1":2,"2":2,"3":4,"4":4,"5":2,"6":4,"7":4,"8":4,"9":4,"10":4,"11":0,"12":2,"13":2,"14":2},"f":{"0":4,"1":4,"2":4},"b":{"0":[4,0],"1":[4,0]},"_coverageSchema":"1a1c01bbd47fc00a2c39e90264f33305004495a9","hash":"8dbae51cc649c9eb90206bc43c0b68313275ff82"}
,"C:\\Users\\abhik\\Desktop\\tempWorkingProjects\\rest_api_vid\\backend\\src\\controllers\\videoController.js": {"path":"C:\\Users\\abhik\\Desktop\\tempWorkingProjects\\rest_api_vid\\backend\\src\\controllers\\videoController.js","statementMap":{"0":{"start":{"line":1,"column":38},"end":{"line":1,"column":67}},"1":{"start":{"line":2,"column":11},"end":{"line":2,"column":24}},"2":{"start":{"line":3,"column":13},"end":{"line":3,"column":28}},"3":{"start":{"line":4,"column":21},"end":{"line":4,"column":48}},"4":{"start":{"line":5,"column":15},"end":{"line":5,"column":39}},"5":{"start":{"line":6,"column":19},"end":{"line":6,"column":59}},"6":{"start":{"line":7,"column":15},"end":{"line":7,"column":32}},"7":{"start":{"line":8,"column":14},"end":{"line":8,"column":45}},"8":{"start":{"line":10,"column":0},"end":{"line":10,"column":33}},"9":{"start":{"line":12,"column":20},"end":{"line":91,"column":1}},"10":{"start":{"line":13,"column":4},"end":{"line":90,"column":5}},"11":{"start":{"line":14,"column":8},"end":{"line":19,"column":9}},"12":{"start":{"line":15,"column":12},"end":{"line":18,"column":15}},"13":{"start":{"line":21,"column":25},"end":{"line":21,"column":38}},"14":{"start":{"line":22,"column":8},"end":{"line":27,"column":11}},"15":{"start":{"line":29,"column":8},"end":{"line":80,"column":9}},"16":{"start":{"line":31,"column":29},"end":{"line":31,"column":70}},"17":{"start":{"line":32,"column":12},"end":{"line":32,"column":53}},"18":{"start":{"line":35,"column":12},"end":{"line":45,"column":13}},"19":{"start":{"line":40,"column":16},"end":{"line":40,"column":40}},"20":{"start":{"line":41,"column":16},"end":{"line":44,"column":19}},"21":{"start":{"line":48,"column":24},"end":{"line":48,"column":85}},"22":{"start":{"line":49,"column":12},"end":{"line":73,"column":14}},"23":{"start":{"line":53,"column":20},"end":{"line":60,"column":21}},"24":{"start":{"line":55,"column":24},"end":{"line":55,"column":48}},"25":{"start":{"line":56,"column":24},"end":{"line":59,"column":27}},"26":{"start":{"line":62,"column":20},"end":{"line":71,"column":23}},"27":{"start":{"line":76,"column":12},"end":{"line":76,"column":36}},"28":{"start":{"line":77,"column":12},"end":{"line":79,"column":14}},"29":{"start":{"line":83,"column":8},"end":{"line":85,"column":9}},"30":{"start":{"line":84,"column":12},"end":{"line":84,"column":41}},"31":{"start":{"line":86,"column":8},"end":{"line":89,"column":11}},"32":{"start":{"line":93,"column":18},"end":{"line":126,"column":1}},"33":{"start":{"line":94,"column":4},"end":{"line":125,"column":5}},"34":{"start":{"line":95,"column":20},"end":{"line":95,"column":67}},"35":{"start":{"line":96,"column":8},"end":{"line":119,"column":11}},"36":{"start":{"line":97,"column":12},"end":{"line":102,"column":13}},"37":{"start":{"line":98,"column":16},"end":{"line":101,"column":19}},"38":{"start":{"line":105,"column":32},"end":{"line":113,"column":14}},"39":{"start":{"line":106,"column":31},"end":{"line":106,"column":56}},"40":{"start":{"line":107,"column":16},"end":{"line":111,"column":17}},"41":{"start":{"line":109,"column":38},"end":{"line":109,"column":71}},"42":{"start":{"line":110,"column":20},"end":{"line":110,"column":57}},"43":{"start":{"line":112,"column":16},"end":{"line":112,"column":30}},"44":{"start":{"line":115,"column":12},"end":{"line":118,"column":15}},"45":{"start":{"line":121,"column":8},"end":{"line":124,"column":11}},"46":{"start":{"line":128,"column":18},"end":{"line":247,"column":1}},"47":{"start":{"line":129,"column":4},"end":{"line":246,"column":5}},"48":{"start":{"line":130,"column":23},"end":{"line":130,"column":33}},"49":{"start":{"line":131,"column":39},"end":{"line":131,"column":47}},"50":{"start":{"line":133,"column":8},"end":{"line":138,"column":11}},"51":{"start":{"line":141,"column":8},"end":{"line":146,"column":9}},"52":{"start":{"line":142,"column":12},"end":{"line":145,"column":15}},"53":{"start":{"line":149,"column":22},"end":{"line":149,"column":39}},"54":{"start":{"line":150,"column":20},"end":{"line":150,"column":35}},"55":{"start":{"line":152,"column":8},"end":{"line":157,"column":9}},"56":{"start":{"line":153,"column":12},"end":{"line":156,"column":15}},"57":{"start":{"line":159,"column":8},"end":{"line":164,"column":9}},"58":{"start":{"line":160,"column":12},"end":{"line":163,"column":15}},"59":{"start":{"line":166,"column":8},"end":{"line":171,"column":9}},"60":{"start":{"line":167,"column":12},"end":{"line":170,"column":15}},"61":{"start":{"line":174,"column":20},"end":{"line":174,"column":55}},"62":{"start":{"line":175,"column":8},"end":{"line":240,"column":11}},"63":{"start":{"line":176,"column":12},"end":{"line":181,"column":13}},"64":{"start":{"line":177,"column":16},"end":{"line":180,"column":19}},"65":{"start":{"line":184,"column":12},"end":{"line":189,"column":13}},"66":{"start":{"line":185,"column":16},"end":{"line":188,"column":19}},"67":{"start":{"line":191,"column":31},"end":{"line":193,"column":15}},"68":{"start":{"line":195,"column":12},"end":{"line":239,"column":13}},"69":{"start":{"line":196,"column":16},"end":{"line":204,"column":19}},"70":{"start":{"line":197,"column":20},"end":{"line":203,"column":31}},"71":{"start":{"line":207,"column":33},"end":{"line":207,"column":44}},"72":{"start":{"line":208,"column":34},"end":{"line":208,"column":95}},"73":{"start":{"line":209,"column":16},"end":{"line":233,"column":18}},"74":{"start":{"line":217,"column":24},"end":{"line":220,"column":25}},"75":{"start":{"line":218,"column":28},"end":{"line":218,"column":54}},"76":{"start":{"line":219,"column":28},"end":{"line":219,"column":38}},"77":{"start":{"line":222,"column":24},"end":{"line":231,"column":27}},"78":{"start":{"line":235,"column":16},"end":{"line":237,"column":17}},"79":{"start":{"line":236,"column":20},"end":{"line":236,"column":46}},"80":{"start":{"line":238,"column":16},"end":{"line":238,"column":28}},"81":{"start":{"line":242,"column":8},"end":{"line":245,"column":11}},"82":{"start":{"line":249,"column":20},"end":{"line":374,"column":1}},"83":{"start":{"line":250,"column":4},"end":{"line":373,"column":5}},"84":{"start":{"line":251,"column":29},"end":{"line":251,"column":37}},"85":{"start":{"line":253,"column":8},"end":{"line":253,"column":68}},"86":{"start":{"line":255,"column":8},"end":{"line":260,"column":9}},"87":{"start":{"line":256,"column":12},"end":{"line":259,"column":15}},"88":{"start":{"line":263,"column":29},"end":{"line":263,"column":62}},"89":{"start":{"line":263,"column":48},"end":{"line":263,"column":51}},"90":{"start":{"line":264,"column":20},"end":{"line":264,"column":72}},"91":{"start":{"line":266,"column":8},"end":{"line":366,"column":11}},"92":{"start":{"line":267,"column":12},"end":{"line":272,"column":13}},"93":{"start":{"line":268,"column":16},"end":{"line":271,"column":19}},"94":{"start":{"line":275,"column":34},"end":{"line":277,"column":13}},"95":{"start":{"line":276,"column":27},"end":{"line":276,"column":53}},"96":{"start":{"line":278,"column":12},"end":{"line":285,"column":13}},"97":{"start":{"line":279,"column":16},"end":{"line":284,"column":19}},"98":{"start":{"line":282,"column":36},"end":{"line":282,"column":40}},"99":{"start":{"line":287,"column":31},"end":{"line":287,"column":65}},"100":{"start":{"line":289,"column":12},"end":{"line":365,"column":13}},"101":{"start":{"line":291,"column":31},"end":{"line":293,"column":17}},"102":{"start":{"line":292,"column":34},"end":{"line":292,"column":60}},"103":{"start":{"line":294,"column":38},"end":{"line":296,"column":38}},"104":{"start":{"line":298,"column":16},"end":{"line":325,"column":19}},"105":{"start":{"line":299,"column":36},"end":{"line":299,"column":44}},"106":{"start":{"line":302,"column":20},"end":{"line":304,"column":23}},"107":{"start":{"line":303,"column":24},"end":{"line":303,"column":50}},"108":{"start":{"line":306,"column":20},"end":{"line":324,"column":31}},"109":{"start":{"line":314,"column":28},"end":{"line":314,"column":72}},"110":{"start":{"line":317,"column":28},"end":{"line":317,"column":65}},"111":{"start":{"line":321,"column":28},"end":{"line":321,"column":64}},"112":{"start":{"line":322,"column":28},"end":{"line":322,"column":40}},"113":{"start":{"line":328,"column":38},"end":{"line":331,"column":17}},"114":{"start":{"line":329,"column":36},"end":{"line":329,"column":56}},"115":{"start":{"line":334,"column":34},"end":{"line":334,"column":95}},"116":{"start":{"line":335,"column":16},"end":{"line":355,"column":18}},"117":{"start":{"line":339,"column":24},"end":{"line":342,"column":25}},"118":{"start":{"line":340,"column":28},"end":{"line":340,"column":54}},"119":{"start":{"line":341,"column":28},"end":{"line":341,"column":38}},"120":{"start":{"line":344,"column":24},"end":{"line":353,"column":27}},"121":{"start":{"line":357,"column":16},"end":{"line":357,"column":53}},"122":{"start":{"line":358,"column":16},"end":{"line":360,"column":17}},"123":{"start":{"line":359,"column":20},"end":{"line":359,"column":46}},"124":{"start":{"line":361,"column":16},"end":{"line":364,"column":19}},"125":{"start":{"line":368,"column":8},"end":{"line":368,"column":45}},"126":{"start":{"line":369,"column":8},"end":{"line":372,"column":11}},"127":{"start":{"line":376,"column":26},"end":{"line":475,"column":1}},"128":{"start":{"line":377,"column":4},"end":{"line":474,"column":5}},"129":{"start":{"line":378,"column":23},"end":{"line":378,"column":33}},"130":{"start":{"line":379,"column":26},"end":{"line":379,"column":34}},"131":{"start":{"line":380,"column":8},"end":{"line":380,"column":60}},"132":{"start":{"line":382,"column":28},"end":{"line":382,"column":78}},"133":{"start":{"line":383,"column":26},"end":{"line":386,"column":30}},"134":{"start":{"line":389,"column":25},"end":{"line":389,"column":60}},"135":{"start":{"line":390,"column":8},"end":{"line":466,"column":11}},"136":{"start":{"line":391,"column":12},"end":{"line":398,"column":13}},"137":{"start":{"line":392,"column":16},"end":{"line":392,"column":65}},"138":{"start":{"line":393,"column":16},"end":{"line":397,"column":19}},"139":{"start":{"line":400,"column":12},"end":{"line":406,"column":13}},"140":{"start":{"line":401,"column":16},"end":{"line":401,"column":52}},"141":{"start":{"line":402,"column":16},"end":{"line":405,"column":19}},"142":{"start":{"line":408,"column":12},"end":{"line":408,"column":47}},"143":{"start":{"line":410,"column":31},"end":{"line":410,"column":68}},"144":{"start":{"line":412,"column":12},"end":{"line":416,"column":15}},"145":{"start":{"line":419,"column":30},"end":{"line":424,"column":13}},"146":{"start":{"line":426,"column":12},"end":{"line":465,"column":14}},"147":{"start":{"line":430,"column":20},"end":{"line":437,"column":21}},"148":{"start":{"line":431,"column":24},"end":{"line":431,"column":66}},"149":{"start":{"line":432,"column":24},"end":{"line":436,"column":27}},"150":{"start":{"line":439,"column":20},"end":{"line":445,"column":21}},"151":{"start":{"line":440,"column":24},"end":{"line":440,"column":57}},"152":{"start":{"line":441,"column":24},"end":{"line":444,"column":27}},"153":{"start":{"line":447,"column":35},"end":{"line":449,"column":54}},"154":{"start":{"line":450,"column":40},"end":{"line":450,"column":83}},"155":{"start":{"line":452,"column":20},"end":{"line":455,"column":23}},"156":{"start":{"line":457,"column":20},"end":{"line":463,"column":23}},"157":{"start":{"line":468,"column":8},"end":{"line":468,"column":61}},"158":{"start":{"line":469,"column":8},"end":{"line":473,"column":11}},"159":{"start":{"line":477,"column":23},"end":{"line":521,"column":1}},"160":{"start":{"line":478,"column":4},"end":{"line":520,"column":5}},"161":{"start":{"line":479,"column":26},"end":{"line":479,"column":36}},"162":{"start":{"line":482,"column":8},"end":{"line":482,"column":41}},"163":{"start":{"line":484,"column":20},"end":{"line":488,"column":9}},"164":{"start":{"line":490,"column":8},"end":{"line":513,"column":11}},"165":{"start":{"line":491,"column":12},"end":{"line":496,"column":13}},"166":{"start":{"line":492,"column":16},"end":{"line":495,"column":19}},"167":{"start":{"line":499,"column":29},"end":{"line":501,"column":14}},"168":{"start":{"line":503,"column":12},"end":{"line":512,"column":15}},"169":{"start":{"line":515,"column":8},"end":{"line":515,"column":56}},"170":{"start":{"line":516,"column":8},"end":{"line":519,"column":11}},"171":{"start":{"line":523,"column":0},"end":{"line":530,"column":2}}},"fnMap":{"0":{"name":"(anonymous_0)","decl":{"start":{"line":12,"column":20},"end":{"line":12,"column":21}},"loc":{"start":{"line":12,"column":40},"end":{"line":91,"column":1}},"line":12},"1":{"name":"(anonymous_1)","decl":{"start":{"line":52,"column":16},"end":{"line":52,"column":17}},"loc":{"start":{"line":52,"column":31},"end":{"line":72,"column":17}},"line":52},"2":{"name":"(anonymous_2)","decl":{"start":{"line":93,"column":18},"end":{"line":93,"column":19}},"loc":{"start":{"line":93,"column":38},"end":{"line":126,"column":1}},"line":93},"3":{"name":"(anonymous_3)","decl":{"start":{"line":96,"column":31},"end":{"line":96,"column":32}},"loc":{"start":{"line":96,"column":46},"end":{"line":119,"column":9}},"line":96},"4":{"name":"(anonymous_4)","decl":{"start":{"line":105,"column":44},"end":{"line":105,"column":45}},"loc":{"start":{"line":105,"column":55},"end":{"line":113,"column":13}},"line":105},"5":{"name":"(anonymous_5)","decl":{"start":{"line":128,"column":18},"end":{"line":128,"column":19}},"loc":{"start":{"line":128,"column":38},"end":{"line":247,"column":1}},"line":128},"6":{"name":"(anonymous_6)","decl":{"start":{"line":175,"column":33},"end":{"line":175,"column":34}},"loc":{"start":{"line":175,"column":55},"end":{"line":240,"column":9}},"line":175},"7":{"name":"(anonymous_7)","decl":{"start":{"line":196,"column":34},"end":{"line":196,"column":35}},"loc":{"start":{"line":196,"column":55},"end":{"line":204,"column":17}},"line":196},"8":{"name":"(anonymous_8)","decl":{"start":{"line":216,"column":20},"end":{"line":216,"column":21}},"loc":{"start":{"line":216,"column":35},"end":{"line":232,"column":21}},"line":216},"9":{"name":"(anonymous_9)","decl":{"start":{"line":249,"column":20},"end":{"line":249,"column":21}},"loc":{"start":{"line":249,"column":40},"end":{"line":374,"column":1}},"line":249},"10":{"name":"(anonymous_10)","decl":{"start":{"line":263,"column":42},"end":{"line":263,"column":43}},"loc":{"start":{"line":263,"column":48},"end":{"line":263,"column":51}},"line":263},"11":{"name":"(anonymous_11)","decl":{"start":{"line":266,"column":37},"end":{"line":266,"column":38}},"loc":{"start":{"line":266,"column":60},"end":{"line":366,"column":9}},"line":266},"12":{"name":"(anonymous_12)","decl":{"start":{"line":276,"column":16},"end":{"line":276,"column":17}},"loc":{"start":{"line":276,"column":27},"end":{"line":276,"column":53}},"line":276},"13":{"name":"(anonymous_13)","decl":{"start":{"line":282,"column":29},"end":{"line":282,"column":30}},"loc":{"start":{"line":282,"column":36},"end":{"line":282,"column":40}},"line":282},"14":{"name":"(anonymous_14)","decl":{"start":{"line":292,"column":20},"end":{"line":292,"column":21}},"loc":{"start":{"line":292,"column":34},"end":{"line":292,"column":60}},"line":292},"15":{"name":"(anonymous_15)","decl":{"start":{"line":298,"column":34},"end":{"line":298,"column":35}},"loc":{"start":{"line":298,"column":55},"end":{"line":325,"column":17}},"line":298},"16":{"name":"(anonymous_16)","decl":{"start":{"line":302,"column":35},"end":{"line":302,"column":36}},"loc":{"start":{"line":302,"column":46},"end":{"line":304,"column":21}},"line":302},"17":{"name":"(anonymous_17)","decl":{"start":{"line":313,"column":37},"end":{"line":313,"column":38}},"loc":{"start":{"line":313,"column":54},"end":{"line":315,"column":25}},"line":313},"18":{"name":"(anonymous_18)","decl":{"start":{"line":316,"column":40},"end":{"line":316,"column":41}},"loc":{"start":{"line":316,"column":54},"end":{"line":318,"column":25}},"line":316},"19":{"name":"(anonymous_19)","decl":{"start":{"line":320,"column":37},"end":{"line":320,"column":38}},"loc":{"start":{"line":320,"column":46},"end":{"line":323,"column":25}},"line":320},"20":{"name":"(anonymous_20)","decl":{"start":{"line":329,"column":20},"end":{"line":329,"column":21}},"loc":{"start":{"line":329,"column":36},"end":{"line":329,"column":56}},"line":329},"21":{"name":"(anonymous_21)","decl":{"start":{"line":338,"column":20},"end":{"line":338,"column":21}},"loc":{"start":{"line":338,"column":35},"end":{"line":354,"column":21}},"line":338},"22":{"name":"(anonymous_22)","decl":{"start":{"line":376,"column":26},"end":{"line":376,"column":27}},"loc":{"start":{"line":376,"column":46},"end":{"line":475,"column":1}},"line":376},"23":{"name":"(anonymous_23)","decl":{"start":{"line":390,"column":38},"end":{"line":390,"column":39}},"loc":{"start":{"line":390,"column":59},"end":{"line":466,"column":9}},"line":390},"24":{"name":"(anonymous_24)","decl":{"start":{"line":429,"column":16},"end":{"line":429,"column":17}},"loc":{"start":{"line":429,"column":37},"end":{"line":464,"column":17}},"line":429},"25":{"name":"(anonymous_25)","decl":{"start":{"line":477,"column":23},"end":{"line":477,"column":24}},"loc":{"start":{"line":477,"column":43},"end":{"line":521,"column":1}},"line":477},"26":{"name":"(anonymous_26)","decl":{"start":{"line":490,"column":36},"end":{"line":490,"column":37}},"loc":{"start":{"line":490,"column":52},"end":{"line":513,"column":9}},"line":490}},"branchMap":{"0":{"loc":{"start":{"line":14,"column":8},"end":{"line":19,"column":9}},"type":"if","locations":[{"start":{"line":14,"column":8},"end":{"line":19,"column":9}},{"start":{},"end":{}}],"line":14},"1":{"loc":{"start":{"line":35,"column":12},"end":{"line":45,"column":13}},"type":"if","locations":[{"start":{"line":35,"column":12},"end":{"line":45,"column":13}},{"start":{},"end":{}}],"line":35},"2":{"loc":{"start":{"line":36,"column":16},"end":{"line":37,"column":58}},"type":"binary-expr","locations":[{"start":{"line":36,"column":16},"end":{"line":36,"column":58}},{"start":{"line":37,"column":16},"end":{"line":37,"column":58}}],"line":36},"3":{"loc":{"start":{"line":53,"column":20},"end":{"line":60,"column":21}},"type":"if","locations":[{"start":{"line":53,"column":20},"end":{"line":60,"column":21}},{"start":{},"end":{}}],"line":53},"4":{"loc":{"start":{"line":83,"column":8},"end":{"line":85,"column":9}},"type":"if","locations":[{"start":{"line":83,"column":8},"end":{"line":85,"column":9}},{"start":{},"end":{}}],"line":83},"5":{"loc":{"start":{"line":83,"column":12},"end":{"line":83,"column":69}},"type":"binary-expr","locations":[{"start":{"line":83,"column":12},"end":{"line":83,"column":20}},{"start":{"line":83,"column":24},"end":{"line":83,"column":37}},{"start":{"line":83,"column":41},"end":{"line":83,"column":69}}],"line":83},"6":{"loc":{"start":{"line":97,"column":12},"end":{"line":102,"column":13}},"type":"if","locations":[{"start":{"line":97,"column":12},"end":{"line":102,"column":13}},{"start":{},"end":{}}],"line":97},"7":{"loc":{"start":{"line":107,"column":16},"end":{"line":111,"column":17}},"type":"if","locations":[{"start":{"line":107,"column":16},"end":{"line":111,"column":17}},{"start":{},"end":{}}],"line":107},"8":{"loc":{"start":{"line":141,"column":8},"end":{"line":146,"column":9}},"type":"if","locations":[{"start":{"line":141,"column":8},"end":{"line":146,"column":9}},{"start":{},"end":{}}],"line":141},"9":{"loc":{"start":{"line":141,"column":12},"end":{"line":141,"column":60}},"type":"binary-expr","locations":[{"start":{"line":141,"column":12},"end":{"line":141,"column":35}},{"start":{"line":141,"column":39},"end":{"line":141,"column":60}}],"line":141},"10":{"loc":{"start":{"line":152,"column":8},"end":{"line":157,"column":9}},"type":"if","locations":[{"start":{"line":152,"column":8},"end":{"line":157,"column":9}},{"start":{},"end":{}}],"line":152},"11":{"loc":{"start":{"line":152,"column":12},"end":{"line":152,"column":38}},"type":"binary-expr","locations":[{"start":{"line":152,"column":12},"end":{"line":152,"column":24}},{"start":{"line":152,"column":28},"end":{"line":152,"column":38}}],"line":152},"12":{"loc":{"start":{"line":159,"column":8},"end":{"line":164,"column":9}},"type":"if","locations":[{"start":{"line":159,"column":8},"end":{"line":164,"column":9}},{"start":{},"end":{}}],"line":159},"13":{"loc":{"start":{"line":166,"column":8},"end":{"line":171,"column":9}},"type":"if","locations":[{"start":{"line":166,"column":8},"end":{"line":171,"column":9}},{"start":{},"end":{}}],"line":166},"14":{"loc":{"start":{"line":176,"column":12},"end":{"line":181,"column":13}},"type":"if","locations":[{"start":{"line":176,"column":12},"end":{"line":181,"column":13}},{"start":{},"end":{}}],"line":176},"15":{"loc":{"start":{"line":176,"column":16},"end":{"line":176,"column":29}},"type":"binary-expr","locations":[{"start":{"line":176,"column":16},"end":{"line":176,"column":19}},{"start":{"line":176,"column":23},"end":{"line":176,"column":29}}],"line":176},"16":{"loc":{"start":{"line":184,"column":12},"end":{"line":189,"column":13}},"type":"if","locations":[{"start":{"line":184,"column":12},"end":{"line":189,"column":13}},{"start":{},"end":{}}],"line":184},"17":{"loc":{"start":{"line":217,"column":24},"end":{"line":220,"column":25}},"type":"if","locations":[{"start":{"line":217,"column":24},"end":{"line":220,"column":25}},{"start":{},"end":{}}],"line":217},"18":{"loc":{"start":{"line":235,"column":16},"end":{"line":237,"column":17}},"type":"if","locations":[{"start":{"line":235,"column":16},"end":{"line":237,"column":17}},{"start":{},"end":{}}],"line":235},"19":{"loc":{"start":{"line":255,"column":8},"end":{"line":260,"column":9}},"type":"if","locations":[{"start":{"line":255,"column":8},"end":{"line":260,"column":9}},{"start":{},"end":{}}],"line":255},"20":{"loc":{"start":{"line":255,"column":12},"end":{"line":255,"column":72}},"type":"binary-expr","locations":[{"start":{"line":255,"column":12},"end":{"line":255,"column":21}},{"start":{"line":255,"column":25},"end":{"line":255,"column":49}},{"start":{"line":255,"column":53},"end":{"line":255,"column":72}}],"line":255},"21":{"loc":{"start":{"line":267,"column":12},"end":{"line":272,"column":13}},"type":"if","locations":[{"start":{"line":267,"column":12},"end":{"line":272,"column":13}},{"start":{},"end":{}}],"line":267},"22":{"loc":{"start":{"line":267,"column":16},"end":{"line":267,"column":56}},"type":"binary-expr","locations":[{"start":{"line":267,"column":16},"end":{"line":267,"column":19}},{"start":{"line":267,"column":23},"end":{"line":267,"column":56}}],"line":267},"23":{"loc":{"start":{"line":278,"column":12},"end":{"line":285,"column":13}},"type":"if","locations":[{"start":{"line":278,"column":12},"end":{"line":285,"column":13}},{"start":{},"end":{}}],"line":278},"24":{"loc":{"start":{"line":339,"column":24},"end":{"line":342,"column":25}},"type":"if","locations":[{"start":{"line":339,"column":24},"end":{"line":342,"column":25}},{"start":{},"end":{}}],"line":339},"25":{"loc":{"start":{"line":358,"column":16},"end":{"line":360,"column":17}},"type":"if","locations":[{"start":{"line":358,"column":16},"end":{"line":360,"column":17}},{"start":{},"end":{}}],"line":358},"26":{"loc":{"start":{"line":382,"column":28},"end":{"line":382,"column":78}},"type":"binary-expr","locations":[{"start":{"line":382,"column":28},"end":{"line":382,"column":33}},{"start":{"line":382,"column":37},"end":{"line":382,"column":72}},{"start":{"line":382,"column":76},"end":{"line":382,"column":78}}],"line":382},"27":{"loc":{"start":{"line":391,"column":12},"end":{"line":398,"column":13}},"type":"if","locations":[{"start":{"line":391,"column":12},"end":{"line":398,"column":13}},{"start":{},"end":{}}],"line":391},"28":{"loc":{"start":{"line":400,"column":12},"end":{"line":406,"column":13}},"type":"if","locations":[{"start":{"line":400,"column":12},"end":{"line":406,"column":13}},{"start":{},"end":{}}],"line":400},"29":{"loc":{"start":{"line":430,"column":20},"end":{"line":437,"column":21}},"type":"if","locations":[{"start":{"line":430,"column":20},"end":{"line":437,"column":21}},{"start":{},"end":{}}],"line":430},"30":{"loc":{"start":{"line":439,"column":20},"end":{"line":445,"column":21}},"type":"if","locations":[{"start":{"line":439,"column":20},"end":{"line":445,"column":21}},{"start":{},"end":{}}],"line":439},"31":{"loc":{"start":{"line":491,"column":12},"end":{"line":496,"column":13}},"type":"if","locations":[{"start":{"line":491,"column":12},"end":{"line":496,"column":13}},{"start":{},"end":{}}],"line":491},"32":{"loc":{"start":{"line":491,"column":16},"end":{"line":491,"column":29}},"type":"binary-expr","locations":[{"start":{"line":491,"column":16},"end":{"line":491,"column":19}},{"start":{"line":491,"column":23},"end":{"line":491,"column":29}}],"line":491}},"s":{"0":2,"1":2,"2":2,"3":2,"4":2,"5":2,"6":2,"7":2,"8":2,"9":2,"10":6,"11":6,"12":1,"13":5,"14":5,"15":5,"16":5,"17":5,"18":5,"19":0,"20":0,"21":5,"22":5,"23":5,"24":0,"25":0,"26":5,"27":0,"28":0,"29":0,"30":0,"31":0,"32":2,"33":3,"34":3,"35":3,"36":3,"37":1,"38":2,"39":3,"40":3,"41":0,"42":0,"43":3,"44":2,"45":0,"46":2,"47":4,"48":4,"49":4,"50":4,"51":4,"52":0,"53":4,"54":4,"55":4,"56":0,"57":4,"58":2,"59":2,"60":0,"61":2,"62":2,"63":2,"64":0,"65":2,"66":0,"67":2,"68":2,"69":2,"70":2,"71":2,"72":2,"73":2,"74":2,"75":0,"76":0,"77":2,"78":0,"79":0,"80":0,"81":0,"82":2,"83":0,"84":0,"85":0,"86":0,"87":0,"88":0,"89":0,"90":0,"91":0,"92":0,"93":0,"94":0,"95":0,"96":0,"97":0,"98":0,"99":0,"100":0,"101":0,"102":0,"103":0,"104":0,"105":0,"106":0,"107":0,"108":0,"109":0,"110":0,"111":0,"112":0,"113":0,"114":0,"115":0,"116":0,"117":0,"118":0,"119":0,"120":0,"121":0,"122":0,"123":0,"124":0,"125":0,"126":0,"127":2,"128":3,"129":3,"130":3,"131":3,"132":3,"133":3,"134":3,"135":3,"136":3,"137":0,"138":0,"139":3,"140":0,"141":0,"142":3,"143":3,"144":3,"145":3,"146":3,"147":3,"148":0,"149":0,"150":3,"151":0,"152":0,"153":3,"154":3,"155":3,"156":3,"157":0,"158":0,"159":2,"160":2,"161":2,"162":2,"163":2,"164":2,"165":2,"166":1,"167":1,"168":1,"169":0,"170":0,"171":2},"f":{"0":6,"1":5,"2":3,"3":3,"4":3,"5":4,"6":2,"7":2,"8":2,"9":0,"10":0,"11":0,"12":0,"13":0,"14":0,"15":0,"16":0,"17":0,"18":0,"19":0,"20":0,"21":0,"22":3,"23":3,"24":3,"25":2,"26":2},"b":{"0":[1,5],"1":[0,5],"2":[5,5],"3":[0,5],"4":[0,0],"5":[0,0,0],"6":[1,2],"7":[0,3],"8":[0,4],"9":[4,4],"10":[0,4],"11":[4,4],"12":[2,2],"13":[0,2],"14":[0,2],"15":[2,2],"16":[0,2],"17":[0,2],"18":[0,0],"19":[0,0],"20":[0,0,0],"21":[0,0],"22":[0,0],"23":[0,0],"24":[0,0],"25":[0,0],"26":[3,0,0],"27":[0,3],"28":[0,3],"29":[0,3],"30":[0,3],"31":[1,1],"32":[2,2]},"_coverageSchema":"1a1c01bbd47fc00a2c39e90264f33305004495a9","hash":"feb4c53170da312fc7e3a8065a270db151ee3a2c"}
,"C:\\Users\\abhik\\Desktop\\tempWorkingProjects\\rest_api_vid\\backend\\src\\middleware\\auth.js": {"path":"C:\\Users\\abhik\\Desktop\\tempWorkingProjects\\rest_api_vid\\backend\\src\\middleware\\auth.js","statementMap":{"0":{"start":{"line":1,"column":23},"end":{"line":23,"column":1}},"1":{"start":{"line":2,"column":4},"end":{"line":22,"column":5}},"2":{"start":{"line":3,"column":22},"end":{"line":3,"column":50}},"3":{"start":{"line":4,"column":8},"end":{"line":14,"column":9}},"4":{"start":{"line":5,"column":12},"end":{"line":5,"column":19}},"5":{"start":{"line":8,"column":12},"end":{"line":13,"column":23}},"6":{"start":{"line":16,"column":8},"end":{"line":21,"column":19}},"7":{"start":{"line":25,"column":0},"end":{"line":25,"column":32}}},"fnMap":{"0":{"name":"(anonymous_0)","decl":{"start":{"line":1,"column":23},"end":{"line":1,"column":24}},"loc":{"start":{"line":1,"column":43},"end":{"line":23,"column":1}},"line":1}},"branchMap":{"0":{"loc":{"start":{"line":4,"column":8},"end":{"line":14,"column":9}},"type":"if","locations":[{"start":{"line":4,"column":8},"end":{"line":14,"column":9}},{"start":{"line":6,"column":15},"end":{"line":14,"column":9}}],"line":4},"1":{"loc":{"start":{"line":4,"column":12},"end":{"line":4,"column":52}},"type":"binary-expr","locations":[{"start":{"line":4,"column":12},"end":{"line":4,"column":17}},{"start":{"line":4,"column":21},"end":{"line":4,"column":52}}],"line":4}},"s":{"0":1,"1":19,"2":19,"3":19,"4":18,"5":1,"6":0,"7":1},"f":{"0":19},"b":{"0":[18,1],"1":[19,18]},"_coverageSchema":"1a1c01bbd47fc00a2c39e90264f33305004495a9","hash":"9ce0cac67a293f1551419465bdd36c4a1b7f637b"}
,"C:\\Users\\abhik\\Desktop\\tempWorkingProjects\\rest_api_vid\\backend\\src\\models\\videoModel.js": {"path":"C:\\Users\\abhik\\Desktop\\tempWorkingProjects\\rest_api_vid\\backend\\src\\models\\videoModel.js","statementMap":{"0":{"start":{"line":3,"column":24},"end":{"line":29,"column":9}},"1":{"start":{"line":31,"column":8},"end":{"line":95,"column":15}},"2":{"start":{"line":33,"column":29},"end":{"line":64,"column":13}},"3":{"start":{"line":34,"column":16},"end":{"line":53,"column":17}},"4":{"start":{"line":36,"column":20},"end":{"line":51,"column":22}},"5":{"start":{"line":40,"column":28},"end":{"line":49,"column":29}},"6":{"start":{"line":41,"column":32},"end":{"line":44,"column":34}},"7":{"start":{"line":45,"column":32},"end":{"line":45,"column":44}},"8":{"start":{"line":47,"column":32},"end":{"line":47,"column":73}},"9":{"start":{"line":48,"column":32},"end":{"line":48,"column":42}},"10":{"start":{"line":52,"column":20},"end":{"line":52,"column":27}},"11":{"start":{"line":55,"column":16},"end":{"line":63,"column":19}},"12":{"start":{"line":56,"column":20},"end":{"line":62,"column":21}},"13":{"start":{"line":57,"column":24},"end":{"line":57,"column":68}},"14":{"start":{"line":58,"column":24},"end":{"line":58,"column":36}},"15":{"start":{"line":60,"column":24},"end":{"line":60,"column":77}},"16":{"start":{"line":61,"column":24},"end":{"line":61,"column":44}},"17":{"start":{"line":67,"column":12},"end":{"line":75,"column":15}},"18":{"start":{"line":68,"column":16},"end":{"line":72,"column":17}},"19":{"start":{"line":69,"column":20},"end":{"line":69,"column":67}},"20":{"start":{"line":70,"column":20},"end":{"line":70,"column":32}},"21":{"start":{"line":71,"column":20},"end":{"line":71,"column":27}},"22":{"start":{"line":74,"column":16},"end":{"line":74,"column":28}},"23":{"start":{"line":78,"column":16},"end":{"line":87,"column":19}},"24":{"start":{"line":79,"column":20},"end":{"line":86,"column":23}},"25":{"start":{"line":80,"column":24},"end":{"line":85,"column":25}},"26":{"start":{"line":81,"column":28},"end":{"line":81,"column":76}},"27":{"start":{"line":82,"column":28},"end":{"line":82,"column":40}},"28":{"start":{"line":84,"column":28},"end":{"line":84,"column":38}},"29":{"start":{"line":90,"column":16},"end":{"line":94,"column":19}},"30":{"start":{"line":91,"column":20},"end":{"line":93,"column":23}},"31":{"start":{"line":92,"column":24},"end":{"line":92,"column":36}},"32":{"start":{"line":99,"column":20},"end":{"line":103,"column":9}},"33":{"start":{"line":104,"column":8},"end":{"line":111,"column":11}},"34":{"start":{"line":105,"column":12},"end":{"line":110,"column":15}},"35":{"start":{"line":106,"column":16},"end":{"line":109,"column":33}},"36":{"start":{"line":107,"column":20},"end":{"line":107,"column":62}},"37":{"start":{"line":108,"column":20},"end":{"line":108,"column":32}},"38":{"start":{"line":109,"column":23},"end":{"line":109,"column":33}},"39":{"start":{"line":115,"column":0},"end":{"line":115,"column":23}}},"fnMap":{"0":{"name":"(anonymous_0)","decl":{"start":{"line":2,"column":4},"end":{"line":2,"column":5}},"loc":{"start":{"line":2,"column":31},"end":{"line":96,"column":5}},"line":2},"1":{"name":"(anonymous_1)","decl":{"start":{"line":31,"column":27},"end":{"line":31,"column":28}},"loc":{"start":{"line":31,"column":48},"end":{"line":76,"column":9}},"line":31},"2":{"name":"(anonymous_2)","decl":{"start":{"line":33,"column":29},"end":{"line":33,"column":30}},"loc":{"start":{"line":33,"column":40},"end":{"line":64,"column":13}},"line":33},"3":{"name":"(anonymous_3)","decl":{"start":{"line":39,"column":24},"end":{"line":39,"column":25}},"loc":{"start":{"line":39,"column":42},"end":{"line":50,"column":25}},"line":39},"4":{"name":"(anonymous_4)","decl":{"start":{"line":55,"column":46},"end":{"line":55,"column":47}},"loc":{"start":{"line":55,"column":55},"end":{"line":63,"column":17}},"line":55},"5":{"name":"(anonymous_5)","decl":{"start":{"line":67,"column":47},"end":{"line":67,"column":48}},"loc":{"start":{"line":67,"column":56},"end":{"line":75,"column":13}},"line":67},"6":{"name":"(anonymous_6)","decl":{"start":{"line":77,"column":18},"end":{"line":77,"column":19}},"loc":{"start":{"line":77,"column":24},"end":{"line":88,"column":13}},"line":77},"7":{"name":"(anonymous_7)","decl":{"start":{"line":78,"column":35},"end":{"line":78,"column":36}},"loc":{"start":{"line":78,"column":56},"end":{"line":87,"column":17}},"line":78},"8":{"name":"(anonymous_8)","decl":{"start":{"line":79,"column":44},"end":{"line":79,"column":45}},"loc":{"start":{"line":79,"column":53},"end":{"line":86,"column":21}},"line":79},"9":{"name":"(anonymous_9)","decl":{"start":{"line":89,"column":19},"end":{"line":89,"column":20}},"loc":{"start":{"line":89,"column":28},"end":{"line":95,"column":13}},"line":89},"10":{"name":"(anonymous_10)","decl":{"start":{"line":90,"column":35},"end":{"line":90,"column":36}},"loc":{"start":{"line":90,"column":56},"end":{"line":94,"column":17}},"line":90},"11":{"name":"(anonymous_11)","decl":{"start":{"line":91,"column":46},"end":{"line":91,"column":47}},"loc":{"start":{"line":91,"column":52},"end":{"line":93,"column":21}},"line":91},"12":{"name":"(anonymous_12)","decl":{"start":{"line":98,"column":4},"end":{"line":98,"column":5}},"loc":{"start":{"line":98,"column":38},"end":{"line":112,"column":5}},"line":98},"13":{"name":"(anonymous_13)","decl":{"start":{"line":104,"column":27},"end":{"line":104,"column":28}},"loc":{"start":{"line":104,"column":48},"end":{"line":111,"column":9}},"line":104},"14":{"name":"(anonymous_14)","decl":{"start":{"line":105,"column":35},"end":{"line":105,"column":36}},"loc":{"start":{"line":105,"column":44},"end":{"line":110,"column":13}},"line":105}},"branchMap":{"0":{"loc":{"start":{"line":34,"column":16},"end":{"line":53,"column":17}},"type":"if","locations":[{"start":{"line":34,"column":16},"end":{"line":53,"column":17}},{"start":{},"end":{}}],"line":34},"1":{"loc":{"start":{"line":40,"column":28},"end":{"line":49,"column":29}},"type":"if","locations":[{"start":{"line":40,"column":28},"end":{"line":49,"column":29}},{"start":{"line":46,"column":35},"end":{"line":49,"column":29}}],"line":40},"2":{"loc":{"start":{"line":56,"column":20},"end":{"line":62,"column":21}},"type":"if","locations":[{"start":{"line":56,"column":20},"end":{"line":62,"column":21}},{"start":{"line":59,"column":27},"end":{"line":62,"column":21}}],"line":56},"3":{"loc":{"start":{"line":68,"column":16},"end":{"line":72,"column":17}},"type":"if","locations":[{"start":{"line":68,"column":16},"end":{"line":72,"column":17}},{"start":{},"end":{}}],"line":68},"4":{"loc":{"start":{"line":80,"column":24},"end":{"line":85,"column":25}},"type":"if","locations":[{"start":{"line":80,"column":24},"end":{"line":85,"column":25}},{"start":{"line":83,"column":31},"end":{"line":85,"column":25}}],"line":80},"5":{"loc":{"start":{"line":106,"column":16},"end":{"line":109,"column":33}},"type":"if","locations":[{"start":{"line":106,"column":16},"end":{"line":109,"column":33}},{"start":{"line":109,"column":23},"end":{"line":109,"column":33}}],"line":106}},"s":{"0":0,"1":0,"2":0,"3":0,"4":0,"5":0,"6":0,"7":0,"8":0,"9":0,"10":0,"11":0,"12":0,"13":0,"14":0,"15":0,"16":0,"17":0,"18":0,"19":0,"20":0,"21":0,"22":0,"23":0,"24":0,"25":0,"26":0,"27":0,"28":0,"29":0,"30":0,"31":0,"32":2,"33":2,"34":2,"35":2,"36":0,"37":0,"38":2,"39":2},"f":{"0":0,"1":0,"2":0,"3":0,"4":0,"5":0,"6":0,"7":0,"8":0,"9":0,"10":0,"11":0,"12":2,"13":2,"14":2},"b":{"0":[0,0],"1":[0,0],"2":[0,0],"3":[0,0],"4":[0,0],"5":[0,2]},"_coverageSchema":"1a1c01bbd47fc00a2c39e90264f33305004495a9","hash":"2cc7da81b649ef2397e2a5a7ce574abe85384092"}
,"C:\\Users\\abhik\\Desktop\\tempWorkingProjects\\rest_api_vid\\backend\\src\\routes\\videoRoutes.js": {"path":"C:\\Users\\abhik\\Desktop\\tempWorkingProjects\\rest_api_vid\\backend\\src\\routes\\videoRoutes.js","statementMap":{"0":{"start":{"line":1,"column":16},"end":{"line":1,"column":34}},"1":{"start":{"line":2,"column":15},"end":{"line":2,"column":31}},"2":{"start":{"line":3,"column":24},"end":{"line":3,"column":65}},"3":{"start":{"line":4,"column":19},"end":{"line":4,"column":46}},"4":{"start":{"line":5,"column":15},"end":{"line":5,"column":32}},"5":{"start":{"line":6,"column":23},"end":{"line":6,"column":52}},"6":{"start":{"line":259,"column":21},"end":{"line":276,"column":1}},"7":{"start":{"line":260,"column":29},"end":{"line":260,"column":51}},"8":{"start":{"line":262,"column":4},"end":{"line":275,"column":7}},"9":{"start":{"line":263,"column":8},"end":{"line":273,"column":9}},"10":{"start":{"line":264,"column":12},"end":{"line":267,"column":15}},"11":{"start":{"line":268,"column":15},"end":{"line":273,"column":9}},"12":{"start":{"line":269,"column":12},"end":{"line":272,"column":15}},"13":{"start":{"line":274,"column":8},"end":{"line":274,"column":15}},"14":{"start":{"line":279,"column":0},"end":{"line":279,"column":60}},"15":{"start":{"line":282,"column":0},"end":{"line":282,"column":27}},"16":{"start":{"line":284,"column":0},"end":{"line":284,"column":61}},"17":{"start":{"line":285,"column":0},"end":{"line":285,"column":66}},"18":{"start":{"line":286,"column":0},"end":{"line":286,"column":43}},"19":{"start":{"line":287,"column":0},"end":{"line":287,"column":52}},"20":{"start":{"line":288,"column":0},"end":{"line":288,"column":51}},"21":{"start":{"line":290,"column":0},"end":{"line":290,"column":24}}},"fnMap":{"0":{"name":"(anonymous_0)","decl":{"start":{"line":259,"column":21},"end":{"line":259,"column":22}},"loc":{"start":{"line":259,"column":41},"end":{"line":276,"column":1}},"line":259},"1":{"name":"(anonymous_1)","decl":{"start":{"line":262,"column":31},"end":{"line":262,"column":32}},"loc":{"start":{"line":262,"column":40},"end":{"line":275,"column":5}},"line":262}},"branchMap":{"0":{"loc":{"start":{"line":263,"column":8},"end":{"line":273,"column":9}},"type":"if","locations":[{"start":{"line":263,"column":8},"end":{"line":273,"column":9}},{"start":{"line":268,"column":15},"end":{"line":273,"column":9}}],"line":263},"1":{"loc":{"start":{"line":268,"column":15},"end":{"line":273,"column":9}},"type":"if","locations":[{"start":{"line":268,"column":15},"end":{"line":273,"column":9}},{"start":{},"end":{}}],"line":268}},"s":{"0":1,"1":1,"2":1,"3":1,"4":1,"5":1,"6":1,"7":4,"8":4,"9":4,"10":0,"11":4,"12":0,"13":4,"14":1,"15":1,"16":1,"17":1,"18":1,"19":1,"20":1,"21":1},"f":{"0":4,"1":4},"b":{"0":[0,4],"1":[0,4]},"_coverageSchema":"1a1c01bbd47fc00a2c39e90264f33305004495a9","hash":"5631db415faf5981baec6840f60e15bc5aac4fd4"}
}
