TN:
SF:server.js
FN:31,setupApp
FN:41,(anonymous_1)
FN:52,(anonymous_2)
FN:64,(anonymous_3)
FN:76,(anonymous_4)
FN:79,(anonymous_5)
FN:89,(anonymous_6)
FN:90,(anonymous_7)
FN:99,(anonymous_8)
FNF:9
FNH:2
FNDA:2,setupApp
FNDA:12,(anonymous_1)
FNDA:0,(anonymous_2)
FNDA:0,(anonymous_3)
FNDA:0,(anonymous_4)
FNDA:0,(anonymous_5)
FNDA:0,(anonymous_6)
FNDA:0,(anonymous_7)
FNDA:0,(anonymous_8)
DA:1,1
DA:2,1
DA:3,1
DA:4,1
DA:5,1
DA:6,1
DA:7,1
DA:8,1
DA:9,1
DA:10,1
DA:11,1
DA:12,1
DA:14,1
DA:16,1
DA:17,1
DA:20,1
DA:21,1
DA:22,0
DA:33,2
DA:34,2
DA:35,2
DA:36,2
DA:39,2
DA:43,12
DA:44,2
DA:46,10
DA:52,2
DA:53,0
DA:56,2
DA:59,1
DA:62,1
DA:64,0
DA:65,0
DA:66,0
DA:67,0
DA:69,0
DA:72,0
DA:75,0
DA:77,0
DA:80,0
DA:81,0
DA:86,0
DA:89,0
DA:90,0
DA:91,0
DA:92,0
DA:94,0
DA:95,0
DA:99,0
DA:100,0
DA:104,1
LF:51
LH:30
BRDA:17,0,0,1
BRDA:17,0,1,0
BRDA:21,1,0,0
BRDA:21,1,1,1
BRDA:43,2,0,2
BRDA:43,2,1,10
BRDA:62,3,0,0
BRDA:62,3,1,1
BRDA:65,4,0,0
BRDA:65,4,1,0
BRDA:91,5,0,0
BRDA:91,5,1,0
BRF:12
BRH:5
end_of_record
TN:
SF:src\config\swagger.js
FNF:0
FNH:0
DA:1,1
DA:3,1
DA:31,1
DA:33,1
LF:4
LH:4
BRF:0
BRH:0
end_of_record
TN:
SF:src\config\upload.js
FN:6,(anonymous_0)
FN:9,(anonymous_1)
FN:15,(anonymous_2)
FNF:3
FNH:3
FNDA:4,(anonymous_0)
FNDA:4,(anonymous_1)
FNDA:4,(anonymous_2)
DA:1,2
DA:2,2
DA:5,2
DA:7,4
DA:10,4
DA:15,2
DA:17,4
DA:29,4
DA:31,4
DA:34,4
DA:38,4
DA:40,0
DA:52,2
DA:57,2
DA:63,2
LF:15
LH:14
BRDA:34,0,0,4
BRDA:34,0,1,0
BRDA:35,1,0,4
BRDA:35,1,1,0
BRF:4
BRH:2
end_of_record
TN:
SF:src\controllers\videoController.js
FN:20,(anonymous_0)
FN:69,(anonymous_1)
FN:118,(anonymous_2)
FN:122,(anonymous_3)
FN:131,(anonymous_4)
FN:162,(anonymous_5)
FN:209,(anonymous_6)
FN:230,(anonymous_7)
FN:250,(anonymous_8)
FN:291,(anonymous_9)
FN:305,(anonymous_10)
FN:308,(anonymous_11)
FN:318,(anonymous_12)
FN:324,(anonymous_13)
FN:334,(anonymous_14)
FN:340,(anonymous_15)
FN:344,(anonymous_16)
FN:355,(anonymous_17)
FN:358,(anonymous_18)
FN:362,(anonymous_19)
FN:371,(anonymous_20)
FN:380,(anonymous_21)
FN:425,(anonymous_22)
FN:439,(anonymous_23)
FN:478,(anonymous_24)
FN:532,(anonymous_25)
FN:545,(anonymous_26)
FNF:27
FNH:14
FNDA:6,(anonymous_0)
FNDA:5,(anonymous_1)
FNDA:3,(anonymous_2)
FNDA:3,(anonymous_3)
FNDA:3,(anonymous_4)
FNDA:4,(anonymous_5)
FNDA:2,(anonymous_6)
FNDA:2,(anonymous_7)
FNDA:2,(anonymous_8)
FNDA:0,(anonymous_9)
FNDA:0,(anonymous_10)
FNDA:0,(anonymous_11)
FNDA:0,(anonymous_12)
FNDA:0,(anonymous_13)
FNDA:0,(anonymous_14)
FNDA:0,(anonymous_15)
FNDA:0,(anonymous_16)
FNDA:0,(anonymous_17)
FNDA:0,(anonymous_18)
FNDA:0,(anonymous_19)
FNDA:0,(anonymous_20)
FNDA:0,(anonymous_21)
FNDA:3,(anonymous_22)
FNDA:3,(anonymous_23)
FNDA:3,(anonymous_24)
FNDA:2,(anonymous_25)
FNDA:2,(anonymous_26)
DA:1,2
DA:2,2
DA:3,2
DA:4,2
DA:5,2
DA:6,2
DA:7,2
DA:8,2
DA:10,2
DA:20,2
DA:21,6
DA:23,6
DA:24,1
DA:31,5
DA:38,5
DA:39,5
DA:46,5
DA:48,5
DA:49,5
DA:52,5
DA:57,0
DA:58,0
DA:65,5
DA:66,5
DA:70,5
DA:72,0
DA:73,0
DA:79,5
DA:93,0
DA:94,0
DA:101,0
DA:102,0
DA:104,0
DA:118,2
DA:119,3
DA:121,3
DA:122,3
DA:123,3
DA:124,1
DA:131,2
DA:132,3
DA:133,3
DA:135,0
DA:136,0
DA:138,3
DA:141,2
DA:148,0
DA:162,2
DA:163,4
DA:164,4
DA:165,4
DA:168,4
DA:175,4
DA:176,0
DA:183,4
DA:184,4
DA:186,4
DA:187,0
DA:193,4
DA:194,2
DA:200,2
DA:201,0
DA:208,2
DA:209,2
DA:210,2
DA:211,0
DA:218,2
DA:219,0
DA:225,2
DA:229,2
DA:230,2
DA:231,2
DA:241,2
DA:242,2
DA:243,2
DA:251,2
DA:252,0
DA:253,0
DA:256,2
DA:269,0
DA:270,0
DA:272,0
DA:277,0
DA:291,2
DA:292,0
DA:293,0
DA:295,0
DA:297,0
DA:298,0
DA:305,0
DA:306,0
DA:308,0
DA:309,0
DA:310,0
DA:317,0
DA:318,0
DA:320,0
DA:321,0
DA:324,0
DA:329,0
DA:331,0
DA:333,0
DA:334,0
DA:336,0
DA:340,0
DA:341,0
DA:344,0
DA:345,0
DA:348,0
DA:356,0
DA:359,0
DA:363,0
DA:364,0
DA:370,0
DA:371,0
DA:376,0
DA:377,0
DA:381,0
DA:382,0
DA:383,0
DA:386,0
DA:399,0
DA:400,0
DA:401,0
DA:403,0
DA:410,0
DA:411,0
DA:425,2
DA:426,3
DA:427,3
DA:428,3
DA:429,3
DA:431,3
DA:432,3
DA:438,3
DA:439,3
DA:440,3
DA:441,0
DA:442,0
DA:449,3
DA:450,0
DA:451,0
DA:457,3
DA:459,3
DA:461,3
DA:468,3
DA:475,3
DA:479,3
DA:480,0
DA:481,0
DA:488,3
DA:489,0
DA:490,0
DA:496,3
DA:499,3
DA:501,3
DA:506,3
DA:517,0
DA:518,0
DA:532,2
DA:533,2
DA:534,2
DA:537,2
DA:539,2
DA:545,2
DA:546,2
DA:547,1
DA:554,1
DA:558,1
DA:570,0
DA:571,0
DA:578,2
LF:172
LH:94
BRDA:23,0,0,1
BRDA:23,0,1,5
BRDA:52,1,0,0
BRDA:52,1,1,5
BRDA:53,2,0,5
BRDA:53,2,1,5
BRDA:70,3,0,0
BRDA:70,3,1,5
BRDA:101,4,0,0
BRDA:101,4,1,0
BRDA:101,5,0,0
BRDA:101,5,1,0
BRDA:101,5,2,0
BRDA:123,6,0,1
BRDA:123,6,1,2
BRDA:133,7,0,0
BRDA:133,7,1,3
BRDA:175,8,0,0
BRDA:175,8,1,4
BRDA:175,9,0,4
BRDA:175,9,1,4
BRDA:186,10,0,0
BRDA:186,10,1,4
BRDA:186,11,0,4
BRDA:186,11,1,4
BRDA:193,12,0,2
BRDA:193,12,1,2
BRDA:200,13,0,0
BRDA:200,13,1,2
BRDA:210,14,0,0
BRDA:210,14,1,2
BRDA:210,15,0,2
BRDA:210,15,1,2
BRDA:218,16,0,0
BRDA:218,16,1,2
BRDA:251,17,0,0
BRDA:251,17,1,2
BRDA:269,18,0,0
BRDA:269,18,1,0
BRDA:297,19,0,0
BRDA:297,19,1,0
BRDA:297,20,0,0
BRDA:297,20,1,0
BRDA:297,20,2,0
BRDA:309,21,0,0
BRDA:309,21,1,0
BRDA:309,22,0,0
BRDA:309,22,1,0
BRDA:320,23,0,0
BRDA:320,23,1,0
BRDA:381,24,0,0
BRDA:381,24,1,0
BRDA:400,25,0,0
BRDA:400,25,1,0
BRDA:431,26,0,3
BRDA:431,26,1,0
BRDA:431,26,2,0
BRDA:440,27,0,0
BRDA:440,27,1,3
BRDA:449,28,0,0
BRDA:449,28,1,3
BRDA:479,29,0,0
BRDA:479,29,1,3
BRDA:488,30,0,0
BRDA:488,30,1,3
BRDA:546,31,0,1
BRDA:546,31,1,1
BRDA:546,32,0,2
BRDA:546,32,1,2
BRF:69
BRH:32
end_of_record
TN:
SF:src\middleware\auth.js
FN:1,(anonymous_0)
FNF:1
FNH:1
FNDA:19,(anonymous_0)
DA:1,1
DA:2,19
DA:3,19
DA:4,19
DA:5,18
DA:8,1
DA:16,0
DA:25,1
LF:8
LH:7
BRDA:4,0,0,18
BRDA:4,0,1,1
BRDA:4,1,0,19
BRDA:4,1,1,18
BRF:4
BRH:4
end_of_record
TN:
SF:src\models\videoModel.js
FN:2,(anonymous_0)
FN:31,(anonymous_1)
FN:33,(anonymous_2)
FN:39,(anonymous_3)
FN:55,(anonymous_4)
FN:67,(anonymous_5)
FN:77,(anonymous_6)
FN:78,(anonymous_7)
FN:79,(anonymous_8)
FN:89,(anonymous_9)
FN:90,(anonymous_10)
FN:91,(anonymous_11)
FN:98,(anonymous_12)
FN:104,(anonymous_13)
FN:105,(anonymous_14)
FNF:15
FNH:3
FNDA:0,(anonymous_0)
FNDA:0,(anonymous_1)
FNDA:0,(anonymous_2)
FNDA:0,(anonymous_3)
FNDA:0,(anonymous_4)
FNDA:0,(anonymous_5)
FNDA:0,(anonymous_6)
FNDA:0,(anonymous_7)
FNDA:0,(anonymous_8)
FNDA:0,(anonymous_9)
FNDA:0,(anonymous_10)
FNDA:0,(anonymous_11)
FNDA:2,(anonymous_12)
FNDA:2,(anonymous_13)
FNDA:2,(anonymous_14)
DA:3,0
DA:31,0
DA:33,0
DA:34,0
DA:36,0
DA:40,0
DA:41,0
DA:45,0
DA:47,0
DA:48,0
DA:52,0
DA:55,0
DA:56,0
DA:57,0
DA:58,0
DA:60,0
DA:61,0
DA:67,0
DA:68,0
DA:69,0
DA:70,0
DA:71,0
DA:74,0
DA:78,0
DA:79,0
DA:80,0
DA:81,0
DA:82,0
DA:84,0
DA:90,0
DA:91,0
DA:92,0
DA:99,2
DA:104,2
DA:105,2
DA:106,2
DA:107,0
DA:108,0
DA:109,2
DA:115,2
LF:40
LH:6
BRDA:34,0,0,0
BRDA:34,0,1,0
BRDA:40,1,0,0
BRDA:40,1,1,0
BRDA:56,2,0,0
BRDA:56,2,1,0
BRDA:68,3,0,0
BRDA:68,3,1,0
BRDA:80,4,0,0
BRDA:80,4,1,0
BRDA:106,5,0,0
BRDA:106,5,1,2
BRF:12
BRH:1
end_of_record
TN:
SF:src\routes\videoRoutes.js
FN:263,(anonymous_0)
FN:266,(anonymous_1)
FNF:2
FNH:2
FNDA:4,(anonymous_0)
FNDA:4,(anonymous_1)
DA:1,1
DA:2,1
DA:3,1
DA:4,1
DA:5,1
DA:6,1
DA:263,1
DA:264,4
DA:266,4
DA:267,4
DA:269,0
DA:273,4
DA:275,0
DA:280,4
DA:285,1
DA:288,1
DA:291,1
DA:292,1
DA:293,1
DA:294,1
DA:295,1
DA:297,1
LF:22
LH:20
BRDA:267,0,0,0
BRDA:267,0,1,4
BRDA:273,1,0,0
BRDA:273,1,1,4
BRF:4
BRH:2
end_of_record
