TN:
SF:server.js
FN:25,setupApp
FN:35,(anonymous_1)
FN:44,(anonymous_2)
FN:56,(anonymous_3)
FN:68,(anonymous_4)
FN:71,(anonymous_5)
FN:81,(anonymous_6)
FN:82,(anonymous_7)
FN:91,(anonymous_8)
FNF:9
FNH:2
FNDA:2,setupApp
FNDA:12,(anonymous_1)
FNDA:0,(anonymous_2)
FNDA:0,(anonymous_3)
FNDA:0,(anonymous_4)
FNDA:0,(anonymous_5)
FNDA:0,(anonymous_6)
FNDA:0,(anonymous_7)
FNDA:0,(anonymous_8)
DA:1,1
DA:2,1
DA:3,1
DA:4,1
DA:5,1
DA:6,1
DA:7,1
DA:8,1
DA:9,1
DA:10,1
DA:11,1
DA:12,1
DA:14,1
DA:16,1
DA:17,1
DA:20,1
DA:21,1
DA:22,0
DA:27,2
DA:28,2
DA:29,2
DA:30,2
DA:33,2
DA:36,12
DA:37,2
DA:39,10
DA:44,2
DA:45,0
DA:48,2
DA:51,1
DA:54,1
DA:56,0
DA:57,0
DA:58,0
DA:59,0
DA:61,0
DA:64,0
DA:67,0
DA:69,0
DA:72,0
DA:73,0
DA:78,0
DA:81,0
DA:82,0
DA:83,0
DA:84,0
DA:86,0
DA:87,0
DA:91,0
DA:92,0
DA:96,1
LF:51
LH:30
BRDA:17,0,0,1
BRDA:17,0,1,0
BRDA:21,1,0,0
BRDA:21,1,1,1
BRDA:36,2,0,2
BRDA:36,2,1,10
BRDA:54,3,0,0
BRDA:54,3,1,1
BRDA:57,4,0,0
BRDA:57,4,1,0
BRDA:83,5,0,0
BRDA:83,5,1,0
BRF:12
BRH:5
end_of_record
TN:
SF:src\config\swagger.js
FNF:0
FNH:0
DA:1,1
DA:3,1
DA:31,1
DA:33,1
LF:4
LH:4
BRF:0
BRH:0
end_of_record
TN:
SF:src\config\upload.js
FN:6,(anonymous_0)
FN:9,(anonymous_1)
FN:15,(anonymous_2)
FNF:3
FNH:3
FNDA:4,(anonymous_0)
FNDA:4,(anonymous_1)
FNDA:4,(anonymous_2)
DA:1,2
DA:2,2
DA:5,2
DA:7,4
DA:10,4
DA:15,2
DA:17,4
DA:29,4
DA:31,4
DA:34,4
DA:38,4
DA:40,0
DA:52,2
DA:57,2
DA:63,2
LF:15
LH:14
BRDA:34,0,0,4
BRDA:34,0,1,0
BRDA:35,1,0,4
BRDA:35,1,1,0
BRF:4
BRH:2
end_of_record
TN:
SF:src\controllers\videoController.js
FN:12,(anonymous_0)
FN:52,(anonymous_1)
FN:93,(anonymous_2)
FN:96,(anonymous_3)
FN:105,(anonymous_4)
FN:128,(anonymous_5)
FN:175,(anonymous_6)
FN:196,(anonymous_7)
FN:216,(anonymous_8)
FN:249,(anonymous_9)
FN:263,(anonymous_10)
FN:266,(anonymous_11)
FN:276,(anonymous_12)
FN:282,(anonymous_13)
FN:292,(anonymous_14)
FN:298,(anonymous_15)
FN:302,(anonymous_16)
FN:313,(anonymous_17)
FN:316,(anonymous_18)
FN:320,(anonymous_19)
FN:329,(anonymous_20)
FN:338,(anonymous_21)
FN:376,(anonymous_22)
FN:390,(anonymous_23)
FN:429,(anonymous_24)
FN:477,(anonymous_25)
FN:490,(anonymous_26)
FNF:27
FNH:14
FNDA:6,(anonymous_0)
FNDA:5,(anonymous_1)
FNDA:3,(anonymous_2)
FNDA:3,(anonymous_3)
FNDA:3,(anonymous_4)
FNDA:4,(anonymous_5)
FNDA:2,(anonymous_6)
FNDA:2,(anonymous_7)
FNDA:2,(anonymous_8)
FNDA:0,(anonymous_9)
FNDA:0,(anonymous_10)
FNDA:0,(anonymous_11)
FNDA:0,(anonymous_12)
FNDA:0,(anonymous_13)
FNDA:0,(anonymous_14)
FNDA:0,(anonymous_15)
FNDA:0,(anonymous_16)
FNDA:0,(anonymous_17)
FNDA:0,(anonymous_18)
FNDA:0,(anonymous_19)
FNDA:0,(anonymous_20)
FNDA:0,(anonymous_21)
FNDA:3,(anonymous_22)
FNDA:3,(anonymous_23)
FNDA:3,(anonymous_24)
FNDA:2,(anonymous_25)
FNDA:2,(anonymous_26)
DA:1,2
DA:2,2
DA:3,2
DA:4,2
DA:5,2
DA:6,2
DA:7,2
DA:8,2
DA:10,2
DA:12,2
DA:13,6
DA:14,6
DA:15,1
DA:21,5
DA:22,5
DA:29,5
DA:31,5
DA:32,5
DA:35,5
DA:40,0
DA:41,0
DA:48,5
DA:49,5
DA:53,5
DA:55,0
DA:56,0
DA:62,5
DA:76,0
DA:77,0
DA:83,0
DA:84,0
DA:86,0
DA:93,2
DA:94,3
DA:95,3
DA:96,3
DA:97,3
DA:98,1
DA:105,2
DA:106,3
DA:107,3
DA:109,0
DA:110,0
DA:112,3
DA:115,2
DA:121,0
DA:128,2
DA:129,4
DA:130,4
DA:131,4
DA:133,4
DA:141,4
DA:142,0
DA:149,4
DA:150,4
DA:152,4
DA:153,0
DA:159,4
DA:160,2
DA:166,2
DA:167,0
DA:174,2
DA:175,2
DA:176,2
DA:177,0
DA:184,2
DA:185,0
DA:191,2
DA:195,2
DA:196,2
DA:197,2
DA:207,2
DA:208,2
DA:209,2
DA:217,2
DA:218,0
DA:219,0
DA:222,2
DA:235,0
DA:236,0
DA:238,0
DA:242,0
DA:249,2
DA:250,0
DA:251,0
DA:253,0
DA:255,0
DA:256,0
DA:263,0
DA:264,0
DA:266,0
DA:267,0
DA:268,0
DA:275,0
DA:276,0
DA:278,0
DA:279,0
DA:282,0
DA:287,0
DA:289,0
DA:291,0
DA:292,0
DA:294,0
DA:298,0
DA:299,0
DA:302,0
DA:303,0
DA:306,0
DA:314,0
DA:317,0
DA:321,0
DA:322,0
DA:328,0
DA:329,0
DA:334,0
DA:335,0
DA:339,0
DA:340,0
DA:341,0
DA:344,0
DA:357,0
DA:358,0
DA:359,0
DA:361,0
DA:368,0
DA:369,0
DA:376,2
DA:377,3
DA:378,3
DA:379,3
DA:380,3
DA:382,3
DA:383,3
DA:389,3
DA:390,3
DA:391,3
DA:392,0
DA:393,0
DA:400,3
DA:401,0
DA:402,0
DA:408,3
DA:410,3
DA:412,3
DA:419,3
DA:426,3
DA:430,3
DA:431,0
DA:432,0
DA:439,3
DA:440,0
DA:441,0
DA:447,3
DA:450,3
DA:452,3
DA:457,3
DA:468,0
DA:469,0
DA:477,2
DA:478,2
DA:479,2
DA:482,2
DA:484,2
DA:490,2
DA:491,2
DA:492,1
DA:499,1
DA:503,1
DA:515,0
DA:516,0
DA:523,2
LF:171
LH:93
BRDA:14,0,0,1
BRDA:14,0,1,5
BRDA:35,1,0,0
BRDA:35,1,1,5
BRDA:36,2,0,5
BRDA:36,2,1,5
BRDA:53,3,0,0
BRDA:53,3,1,5
BRDA:83,4,0,0
BRDA:83,4,1,0
BRDA:83,5,0,0
BRDA:83,5,1,0
BRDA:83,5,2,0
BRDA:97,6,0,1
BRDA:97,6,1,2
BRDA:107,7,0,0
BRDA:107,7,1,3
BRDA:141,8,0,0
BRDA:141,8,1,4
BRDA:141,9,0,4
BRDA:141,9,1,4
BRDA:152,10,0,0
BRDA:152,10,1,4
BRDA:152,11,0,4
BRDA:152,11,1,4
BRDA:159,12,0,2
BRDA:159,12,1,2
BRDA:166,13,0,0
BRDA:166,13,1,2
BRDA:176,14,0,0
BRDA:176,14,1,2
BRDA:176,15,0,2
BRDA:176,15,1,2
BRDA:184,16,0,0
BRDA:184,16,1,2
BRDA:217,17,0,0
BRDA:217,17,1,2
BRDA:235,18,0,0
BRDA:235,18,1,0
BRDA:255,19,0,0
BRDA:255,19,1,0
BRDA:255,20,0,0
BRDA:255,20,1,0
BRDA:255,20,2,0
BRDA:267,21,0,0
BRDA:267,21,1,0
BRDA:267,22,0,0
BRDA:267,22,1,0
BRDA:278,23,0,0
BRDA:278,23,1,0
BRDA:339,24,0,0
BRDA:339,24,1,0
BRDA:358,25,0,0
BRDA:358,25,1,0
BRDA:382,26,0,3
BRDA:382,26,1,0
BRDA:382,26,2,0
BRDA:391,27,0,0
BRDA:391,27,1,3
BRDA:400,28,0,0
BRDA:400,28,1,3
BRDA:430,29,0,0
BRDA:430,29,1,3
BRDA:439,30,0,0
BRDA:439,30,1,3
BRDA:491,31,0,1
BRDA:491,31,1,1
BRDA:491,32,0,2
BRDA:491,32,1,2
BRF:69
BRH:32
end_of_record
TN:
SF:src\middleware\auth.js
FN:1,(anonymous_0)
FNF:1
FNH:1
FNDA:19,(anonymous_0)
DA:1,1
DA:2,19
DA:3,19
DA:4,19
DA:5,18
DA:8,1
DA:16,0
DA:25,1
LF:8
LH:7
BRDA:4,0,0,18
BRDA:4,0,1,1
BRDA:4,1,0,19
BRDA:4,1,1,18
BRF:4
BRH:4
end_of_record
TN:
SF:src\models\videoModel.js
FN:2,(anonymous_0)
FN:31,(anonymous_1)
FN:33,(anonymous_2)
FN:39,(anonymous_3)
FN:55,(anonymous_4)
FN:67,(anonymous_5)
FN:77,(anonymous_6)
FN:78,(anonymous_7)
FN:79,(anonymous_8)
FN:89,(anonymous_9)
FN:90,(anonymous_10)
FN:91,(anonymous_11)
FN:98,(anonymous_12)
FN:104,(anonymous_13)
FN:105,(anonymous_14)
FNF:15
FNH:3
FNDA:0,(anonymous_0)
FNDA:0,(anonymous_1)
FNDA:0,(anonymous_2)
FNDA:0,(anonymous_3)
FNDA:0,(anonymous_4)
FNDA:0,(anonymous_5)
FNDA:0,(anonymous_6)
FNDA:0,(anonymous_7)
FNDA:0,(anonymous_8)
FNDA:0,(anonymous_9)
FNDA:0,(anonymous_10)
FNDA:0,(anonymous_11)
FNDA:2,(anonymous_12)
FNDA:2,(anonymous_13)
FNDA:2,(anonymous_14)
DA:3,0
DA:31,0
DA:33,0
DA:34,0
DA:36,0
DA:40,0
DA:41,0
DA:45,0
DA:47,0
DA:48,0
DA:52,0
DA:55,0
DA:56,0
DA:57,0
DA:58,0
DA:60,0
DA:61,0
DA:67,0
DA:68,0
DA:69,0
DA:70,0
DA:71,0
DA:74,0
DA:78,0
DA:79,0
DA:80,0
DA:81,0
DA:82,0
DA:84,0
DA:90,0
DA:91,0
DA:92,0
DA:99,2
DA:104,2
DA:105,2
DA:106,2
DA:107,0
DA:108,0
DA:109,2
DA:115,2
LF:40
LH:6
BRDA:34,0,0,0
BRDA:34,0,1,0
BRDA:40,1,0,0
BRDA:40,1,1,0
BRDA:56,2,0,0
BRDA:56,2,1,0
BRDA:68,3,0,0
BRDA:68,3,1,0
BRDA:80,4,0,0
BRDA:80,4,1,0
BRDA:106,5,0,0
BRDA:106,5,1,2
BRF:12
BRH:1
end_of_record
TN:
SF:src\routes\videoRoutes.js
FN:259,(anonymous_0)
FN:262,(anonymous_1)
FNF:2
FNH:2
FNDA:4,(anonymous_0)
FNDA:4,(anonymous_1)
DA:1,1
DA:2,1
DA:3,1
DA:4,1
DA:5,1
DA:6,1
DA:259,1
DA:260,4
DA:262,4
DA:263,4
DA:264,0
DA:268,4
DA:269,0
DA:274,4
DA:279,1
DA:282,1
DA:284,1
DA:285,1
DA:286,1
DA:287,1
DA:288,1
DA:290,1
LF:22
LH:20
BRDA:263,0,0,0
BRDA:263,0,1,4
BRDA:268,1,0,0
BRDA:268,1,1,4
BRF:4
BRH:2
end_of_record
